<?xml version="1.0" encoding="UTF-8"?>
<coverage generated="1742673724919" clover="3.2.0">
  <project timestamp="1742673724919" name="All files">
    <metrics statements="13" coveredstatements="13" conditionals="10" coveredconditionals="7" methods="1" coveredmethods="1" elements="24" coveredelements="21" complexity="0" loc="13" ncloc="13" packages="2" files="3" classes="3"/>
    <package name="components.POI">
      <metrics statements="3" coveredstatements="3" conditionals="10" coveredconditionals="7" methods="1" coveredmethods="1"/>
      <file name="FilterModal.js" path="/Users/othmanesbi/Code/Watermelons_SOEN390/myApp/app/components/POI/FilterModal.js">
        <metrics statements="3" coveredstatements="3" conditionals="10" coveredconditionals="7" methods="1" coveredmethods="1"/>
        <line num="8" count="1" type="stmt"/>
        <line num="22" count="12" type="stmt"/>
        <line num="122" count="1" type="stmt"/>
      </file>
    </package>
    <package name="styles">
      <metrics statements="10" coveredstatements="10" conditionals="0" coveredconditionals="0" methods="0" coveredmethods="0"/>
      <file name="constants.js" path="/Users/othmanesbi/Code/Watermelons_SOEN390/myApp/app/styles/constants.js">
        <metrics statements="5" coveredstatements="5" conditionals="0" coveredconditionals="0" methods="0" coveredmethods="0"/>
        <line num="1" count="1" type="stmt"/>
        <line num="2" count="1" type="stmt"/>
        <line num="3" count="1" type="stmt"/>
        <line num="4" count="1" type="stmt"/>
        <line num="5" count="1" type="stmt"/>
      </file>
      <file name="poiStyles.js" path="/Users/othmanesbi/Code/Watermelons_SOEN390/myApp/app/styles/poiStyles.js">
        <metrics statements="5" coveredstatements="5" conditionals="0" coveredconditionals="0" methods="0" coveredmethods="0"/>
        <line num="6" count="1" type="stmt"/>
        <line num="7" count="1" type="stmt"/>
        <line num="9" count="1" type="stmt"/>
        <line num="10" count="1" type="stmt"/>
        <line num="12" count="1" type="stmt"/>
      </file>
    </package>
  </project>
</coverage>
