{"/Users/othmanesbi/Code/Watermelons_SOEN390/myApp/app/components/POI/FilterModal.js": {"path":"/Users/othmanesbi/Code/Watermelons_SOEN390/myApp/app/components/POI/FilterModal.js","statementMap":{"0":{"start":{"line":8,"column":20},"end":{"line":120,"column":1}},"1":{"start":{"line":22,"column":2},"end":{"line":119,"column":4}},"2":{"start":{"line":122,"column":0},"end":{"line":135,"column":2}}},"fnMap":{"0":{"name":"(anonymous_0)","decl":{"start":{"line":8,"column":20},"end":{"line":8,"column":21}},"loc":{"start":{"line":21,"column":6},"end":{"line":120,"column":1}},"line":21}},"branchMap":{"0":{"loc":{"start":{"line":50,"column":30},"end":{"line":50,"column":65}},"type":"cond-expr","locations":[{"start":{"line":50,"column":44},"end":{"line":50,"column":53}},{"start":{"line":50,"column":56},"end":{"line":50,"column":65}}],"line":50},"1":{"loc":{"start":{"line":55,"column":15},"end":{"line":70,"column":15}},"type":"binary-expr","locations":[{"start":{"line":55,"column":15},"end":{"line":55,"column":26}},{"start":{"line":56,"column":16},"end":{"line":69,"column":23}}],"line":55},"2":{"loc":{"start":{"line":83,"column":30},"end":{"line":83,"column":63}},"type":"cond-expr","locations":[{"start":{"line":83,"column":42},"end":{"line":83,"column":51}},{"start":{"line":83,"column":54},"end":{"line":83,"column":63}}],"line":83},"3":{"loc":{"start":{"line":94,"column":30},"end":{"line":94,"column":69}},"type":"cond-expr","locations":[{"start":{"line":94,"column":48},"end":{"line":94,"column":57}},{"start":{"line":94,"column":60},"end":{"line":94,"column":69}}],"line":94},"4":{"loc":{"start":{"line":105,"column":30},"end":{"line":105,"column":68}},"type":"cond-expr","locations":[{"start":{"line":105,"column":47},"end":{"line":105,"column":56}},{"start":{"line":105,"column":59},"end":{"line":105,"column":68}}],"line":105}},"s":{"0":1,"1":12,"2":1},"f":{"0":12},"b":{"0":[11,1],"1":[12,11],"2":[12,0],"3":[12,0],"4":[0,12]},"_coverageSchema":"1a1c01bbd47fc00a2c39e90264f33305004495a9","hash":"afeebc8866a8f43f5d8cfde104fcb44d2e05fccb"}
,"/Users/othmanesbi/Code/Watermelons_SOEN390/myApp/app/styles/constants.js": {"path":"/Users/othmanesbi/Code/Watermelons_SOEN390/myApp/app/styles/constants.js","statementMap":{"0":{"start":{"line":1,"column":25},"end":{"line":1,"column":27}},"1":{"start":{"line":2,"column":25},"end":{"line":2,"column":27}},"2":{"start":{"line":3,"column":25},"end":{"line":3,"column":27}},"3":{"start":{"line":4,"column":25},"end":{"line":4,"column":27}},"4":{"start":{"line":5,"column":25},"end":{"line":5,"column":27}}},"fnMap":{},"branchMap":{},"s":{"0":1,"1":1,"2":1,"3":1,"4":1},"f":{},"b":{},"_coverageSchema":"1a1c01bbd47fc00a2c39e90264f33305004495a9","hash":"0fe91c6b6a42798c2cb5264d6a4d4cfdae33b648"}
,"/Users/othmanesbi/Code/Watermelons_SOEN390/myApp/app/styles/poiStyles.js": {"path":"/Users/othmanesbi/Code/Watermelons_SOEN390/myApp/app/styles/poiStyles.js","statementMap":{"0":{"start":{"line":6,"column":20},"end":{"line":6,"column":22}},"1":{"start":{"line":7,"column":23},"end":{"line":7,"column":25}},"2":{"start":{"line":9,"column":20},"end":{"line":9,"column":50}},"3":{"start":{"line":10,"column":21},"end":{"line":10,"column":52}},"4":{"start":{"line":12,"column":22},"end":{"line":202,"column":2}}},"fnMap":{},"branchMap":{},"s":{"0":1,"1":1,"2":1,"3":1,"4":1},"f":{},"b":{},"_coverageSchema":"1a1c01bbd47fc00a2c39e90264f33305004495a9","hash":"e407bd72ca7c20bb7cfa57e00af7f9a5a7bdb9c2"}
}
