{"/Users/othmanesbi/Code/Watermelons_SOEN390/myApp/app/(tabs)/indoor-map.jsx": {"path":"/Users/othmanesbi/Code/Watermelons_SOEN390/myApp/app/(tabs)/indoor-map.jsx","statementMap":{"0":{"start":{"line":7,"column":38},"end":{"line":7,"column":53}},"1":{"start":{"line":9,"column":2},"end":{"line":75,"column":4}},"2":{"start":{"line":40,"column":25},"end":{"line":40,"column":51}}},"fnMap":{"0":{"name":"IndoorMap","decl":{"start":{"line":6,"column":24},"end":{"line":6,"column":33}},"loc":{"start":{"line":6,"column":36},"end":{"line":76,"column":1}},"line":6},"1":{"name":"(anonymous_1)","decl":{"start":{"line":40,"column":19},"end":{"line":40,"column":20}},"loc":{"start":{"line":40,"column":25},"end":{"line":40,"column":51}},"line":40}},"branchMap":{"0":{"loc":{"start":{"line":34,"column":10},"end":{"line":34,"column":57}},"type":"binary-expr","locations":[{"start":{"line":34,"column":10},"end":{"line":34,"column":20}},{"start":{"line":34,"column":24},"end":{"line":34,"column":57}}],"line":34},"1":{"loc":{"start":{"line":47,"column":9},"end":{"line":62,"column":9}},"type":"binary-expr","locations":[{"start":{"line":47,"column":9},"end":{"line":47,"column":19}},{"start":{"line":48,"column":10},"end":{"line":61,"column":17}}],"line":47},"2":{"loc":{"start":{"line":69,"column":17},"end":{"line":69,"column":58}},"type":"cond-expr","locations":[{"start":{"line":69,"column":30},"end":{"line":69,"column":51}},{"start":{"line":69,"column":54},"end":{"line":69,"column":58}}],"line":69}},"s":{"0":1,"1":1,"2":0},"f":{"0":1,"1":0},"b":{"0":[1,0],"1":[1,0],"2":[0,1]},"_coverageSchema":"1a1c01bbd47fc00a2c39e90264f33305004495a9","hash":"92635e91e3556f2fcbaa644b5749e175a7764c5f"}
,"/Users/othmanesbi/Code/Watermelons_SOEN390/myApp/app/(tabs)/interest-points.jsx": {"path":"/Users/othmanesbi/Code/Watermelons_SOEN390/myApp/app/(tabs)/interest-points.jsx","statementMap":{"0":{"start":{"line":22,"column":30},"end":{"line":22,"column":65}},"1":{"start":{"line":25,"column":21},"end":{"line":29,"column":1}},"2":{"start":{"line":26,"column":2},"end":{"line":28,"column":9}},"3":{"start":{"line":31,"column":25},"end":{"line":35,"column":1}},"4":{"start":{"line":32,"column":2},"end":{"line":34,"column":9}},"5":{"start":{"line":37,"column":23},"end":{"line":41,"column":1}},"6":{"start":{"line":38,"column":2},"end":{"line":40,"column":9}},"7":{"start":{"line":43,"column":29},"end":{"line":103,"column":1}},"8":{"start":{"line":45,"column":43},"end":{"line":45,"column":65}},"9":{"start":{"line":48,"column":17},"end":{"line":48,"column":29}},"10":{"start":{"line":49,"column":38},"end":{"line":49,"column":51}},"11":{"start":{"line":50,"column":56},"end":{"line":50,"column":80}},"12":{"start":{"line":51,"column":42},"end":{"line":51,"column":56}},"13":{"start":{"line":52,"column":30},"end":{"line":57,"column":4}},"14":{"start":{"line":60,"column":2},"end":{"line":68,"column":32}},"15":{"start":{"line":61,"column":4},"end":{"line":63,"column":5}},"16":{"start":{"line":62,"column":6},"end":{"line":62,"column":29}},"17":{"start":{"line":65,"column":4},"end":{"line":67,"column":5}},"18":{"start":{"line":66,"column":6},"end":{"line":66,"column":35}},"19":{"start":{"line":70,"column":2},"end":{"line":102,"column":4}},"20":{"start":{"line":99,"column":23},"end":{"line":99,"column":52}}},"fnMap":{"0":{"name":"(anonymous_0)","decl":{"start":{"line":25,"column":21},"end":{"line":25,"column":22}},"loc":{"start":{"line":26,"column":2},"end":{"line":28,"column":9}},"line":26},"1":{"name":"(anonymous_1)","decl":{"start":{"line":31,"column":25},"end":{"line":31,"column":26}},"loc":{"start":{"line":32,"column":2},"end":{"line":34,"column":9}},"line":32},"2":{"name":"(anonymous_2)","decl":{"start":{"line":37,"column":23},"end":{"line":37,"column":24}},"loc":{"start":{"line":38,"column":2},"end":{"line":40,"column":9}},"line":38},"3":{"name":"(anonymous_3)","decl":{"start":{"line":43,"column":29},"end":{"line":43,"column":30}},"loc":{"start":{"line":43,"column":35},"end":{"line":103,"column":1}},"line":43},"4":{"name":"(anonymous_4)","decl":{"start":{"line":60,"column":12},"end":{"line":60,"column":13}},"loc":{"start":{"line":60,"column":18},"end":{"line":68,"column":3}},"line":60},"5":{"name":"(anonymous_5)","decl":{"start":{"line":99,"column":17},"end":{"line":99,"column":18}},"loc":{"start":{"line":99,"column":23},"end":{"line":99,"column":52}},"line":99}},"branchMap":{"0":{"loc":{"start":{"line":45,"column":10},"end":{"line":45,"column":22}},"type":"default-arg","locations":[{"start":{"line":45,"column":17},"end":{"line":45,"column":22}}],"line":45},"1":{"loc":{"start":{"line":45,"column":24},"end":{"line":45,"column":38}},"type":"default-arg","locations":[{"start":{"line":45,"column":33},"end":{"line":45,"column":38}}],"line":45},"2":{"loc":{"start":{"line":53,"column":14},"end":{"line":53,"column":56}},"type":"cond-expr","locations":[{"start":{"line":53,"column":33},"end":{"line":53,"column":43}},{"start":{"line":53,"column":46},"end":{"line":53,"column":56}}],"line":53},"3":{"loc":{"start":{"line":54,"column":15},"end":{"line":54,"column":59}},"type":"cond-expr","locations":[{"start":{"line":54,"column":34},"end":{"line":54,"column":45}},{"start":{"line":54,"column":48},"end":{"line":54,"column":59}}],"line":54},"4":{"loc":{"start":{"line":61,"column":4},"end":{"line":63,"column":5}},"type":"if","locations":[{"start":{"line":61,"column":4},"end":{"line":63,"column":5}},{"start":{},"end":{}}],"line":61},"5":{"loc":{"start":{"line":65,"column":4},"end":{"line":67,"column":5}},"type":"if","locations":[{"start":{"line":65,"column":4},"end":{"line":67,"column":5}},{"start":{},"end":{}}],"line":65},"6":{"loc":{"start":{"line":80,"column":9},"end":{"line":93,"column":9}},"type":"cond-expr","locations":[{"start":{"line":81,"column":10},"end":{"line":85,"column":12}},{"start":{"line":87,"column":10},"end":{"line":92,"column":12}}],"line":80}},"s":{"0":1,"1":1,"2":0,"3":1,"4":0,"5":1,"6":0,"7":1,"8":5,"9":5,"10":5,"11":5,"12":5,"13":5,"14":5,"15":5,"16":0,"17":5,"18":0,"19":5,"20":0},"f":{"0":0,"1":0,"2":0,"3":5,"4":5,"5":0},"b":{"0":[1],"1":[4],"2":[5,0],"3":[5,0],"4":[0,5],"5":[0,5],"6":[1,4]},"_coverageSchema":"1a1c01bbd47fc00a2c39e90264f33305004495a9","hash":"36e2c754e58e089c85c9e7f2e7d83d51b6505d25"}
,"/Users/othmanesbi/Code/Watermelons_SOEN390/myApp/app/api/buildingData.ts": {"path":"/Users/othmanesbi/Code/Watermelons_SOEN390/myApp/app/api/buildingData.ts","statementMap":{"0":{"start":{"line":38,"column":37},"end":{"line":853,"column":1}},"1":{"start":{"line":855,"column":31},"end":{"line":855,"column":58}},"2":{"start":{"line":855,"column":49},"end":{"line":855,"column":58}},"3":{"start":{"line":857,"column":31},"end":{"line":858,"column":50}},"4":{"start":{"line":858,"column":2},"end":{"line":858,"column":50}},"5":{"start":{"line":858,"column":31},"end":{"line":858,"column":49}}},"fnMap":{"0":{"name":"(anonymous_0)","decl":{"start":{"line":855,"column":31},"end":{"line":855,"column":32}},"loc":{"start":{"line":855,"column":49},"end":{"line":855,"column":58}},"line":855},"1":{"name":"(anonymous_1)","decl":{"start":{"line":857,"column":31},"end":{"line":857,"column":32}},"loc":{"start":{"line":858,"column":2},"end":{"line":858,"column":50}},"line":858},"2":{"name":"(anonymous_2)","decl":{"start":{"line":858,"column":17},"end":{"line":858,"column":18}},"loc":{"start":{"line":858,"column":31},"end":{"line":858,"column":49}},"line":858}},"branchMap":{},"s":{"0":3,"1":3,"2":1,"3":3,"4":3,"5":92},"f":{"0":1,"1":3,"2":92},"b":{},"_coverageSchema":"1a1c01bbd47fc00a2c39e90264f33305004495a9","hash":"6c22f0bb76cfb34085cde3a06708e6681c2894aa"}
,"/Users/othmanesbi/Code/Watermelons_SOEN390/myApp/app/api/buildingService.ts": {"path":"/Users/othmanesbi/Code/Watermelons_SOEN390/myApp/app/api/buildingService.ts","statementMap":{"0":{"start":{"line":5,"column":33},"end":{"line":7,"column":1}},"1":{"start":{"line":6,"column":2},"end":{"line":6,"column":27}},"2":{"start":{"line":10,"column":33},"end":{"line":22,"column":1}},"3":{"start":{"line":12,"column":2},"end":{"line":14,"column":3}},"4":{"start":{"line":13,"column":4},"end":{"line":13,"column":73}},"5":{"start":{"line":16,"column":19},"end":{"line":16,"column":38}},"6":{"start":{"line":17,"column":2},"end":{"line":19,"column":3}},"7":{"start":{"line":18,"column":4},"end":{"line":18,"column":61}},"8":{"start":{"line":21,"column":2},"end":{"line":21,"column":18}}},"fnMap":{"0":{"name":"(anonymous_0)","decl":{"start":{"line":5,"column":33},"end":{"line":5,"column":34}},"loc":{"start":{"line":5,"column":66},"end":{"line":7,"column":1}},"line":5},"1":{"name":"(anonymous_1)","decl":{"start":{"line":10,"column":33},"end":{"line":10,"column":34}},"loc":{"start":{"line":10,"column":74},"end":{"line":22,"column":1}},"line":10}},"branchMap":{"0":{"loc":{"start":{"line":12,"column":2},"end":{"line":14,"column":3}},"type":"if","locations":[{"start":{"line":12,"column":2},"end":{"line":14,"column":3}},{"start":{},"end":{}}],"line":12},"1":{"loc":{"start":{"line":12,"column":6},"end":{"line":12,"column":55}},"type":"binary-expr","locations":[{"start":{"line":12,"column":6},"end":{"line":12,"column":9}},{"start":{"line":12,"column":13},"end":{"line":12,"column":35}},{"start":{"line":12,"column":39},"end":{"line":12,"column":55}}],"line":12},"2":{"loc":{"start":{"line":17,"column":2},"end":{"line":19,"column":3}},"type":"if","locations":[{"start":{"line":17,"column":2},"end":{"line":19,"column":3}},{"start":{},"end":{}}],"line":17}},"s":{"0":1,"1":1,"2":1,"3":6,"4":3,"5":3,"6":3,"7":1,"8":2},"f":{"0":1,"1":6},"b":{"0":[3,3],"1":[6,3,3],"2":[1,2]},"_coverageSchema":"1a1c01bbd47fc00a2c39e90264f33305004495a9","hash":"d885806270e572c88f2861a9debf5215c46d24c6"}
,"/Users/othmanesbi/Code/Watermelons_SOEN390/myApp/app/api/shuttleLiveData.js": {"path":"/Users/othmanesbi/Code/Watermelons_SOEN390/myApp/app/api/shuttleLiveData.js","statementMap":{"0":{"start":{"line":5,"column":26},"end":{"line":13,"column":1}},"1":{"start":{"line":6,"column":18},"end":{"line":9,"column":4}},"2":{"start":{"line":11,"column":2},"end":{"line":11,"column":77}},"3":{"start":{"line":12,"column":2},"end":{"line":12,"column":17}},"4":{"start":{"line":16,"column":38},"end":{"line":52,"column":1}},"5":{"start":{"line":17,"column":2},"end":{"line":49,"column":3}},"6":{"start":{"line":19,"column":20},"end":{"line":19,"column":45}},"7":{"start":{"line":22,"column":21},"end":{"line":32,"column":5}},"8":{"start":{"line":35,"column":4},"end":{"line":38,"column":5}},"9":{"start":{"line":37,"column":6},"end":{"line":37,"column":66}},"10":{"start":{"line":40,"column":4},"end":{"line":40,"column":25}},"11":{"start":{"line":43,"column":4},"end":{"line":46,"column":5}},"12":{"start":{"line":45,"column":6},"end":{"line":45,"column":58}},"13":{"start":{"line":48,"column":4},"end":{"line":48,"column":16}},"14":{"start":{"line":55,"column":34},"end":{"line":79,"column":1}},"15":{"start":{"line":56,"column":2},"end":{"line":78,"column":3}},"16":{"start":{"line":58,"column":20},"end":{"line":58,"column":50}},"17":{"start":{"line":61,"column":4},"end":{"line":63,"column":5}},"18":{"start":{"line":62,"column":6},"end":{"line":62,"column":55}},"19":{"start":{"line":66,"column":4},"end":{"line":73,"column":10}},"20":{"start":{"line":67,"column":23},"end":{"line":67,"column":61}},"21":{"start":{"line":68,"column":19},"end":{"line":73,"column":7}},"22":{"start":{"line":77,"column":4},"end":{"line":77,"column":54}}},"fnMap":{"0":{"name":"(anonymous_0)","decl":{"start":{"line":5,"column":26},"end":{"line":5,"column":27}},"loc":{"start":{"line":5,"column":38},"end":{"line":13,"column":1}},"line":5},"1":{"name":"(anonymous_1)","decl":{"start":{"line":16,"column":38},"end":{"line":16,"column":39}},"loc":{"start":{"line":16,"column":50},"end":{"line":52,"column":1}},"line":16},"2":{"name":"(anonymous_2)","decl":{"start":{"line":55,"column":34},"end":{"line":55,"column":35}},"loc":{"start":{"line":55,"column":46},"end":{"line":79,"column":1}},"line":55},"3":{"name":"(anonymous_3)","decl":{"start":{"line":67,"column":14},"end":{"line":67,"column":15}},"loc":{"start":{"line":67,"column":23},"end":{"line":67,"column":61}},"line":67},"4":{"name":"(anonymous_4)","decl":{"start":{"line":68,"column":11},"end":{"line":68,"column":12}},"loc":{"start":{"line":68,"column":19},"end":{"line":73,"column":7}},"line":68}},"branchMap":{"0":{"loc":{"start":{"line":35,"column":4},"end":{"line":38,"column":5}},"type":"if","locations":[{"start":{"line":35,"column":4},"end":{"line":38,"column":5}},{"start":{},"end":{}}],"line":35},"1":{"loc":{"start":{"line":43,"column":4},"end":{"line":46,"column":5}},"type":"if","locations":[{"start":{"line":43,"column":4},"end":{"line":46,"column":5}},{"start":{},"end":{}}],"line":43},"2":{"loc":{"start":{"line":61,"column":4},"end":{"line":63,"column":5}},"type":"if","locations":[{"start":{"line":61,"column":4},"end":{"line":63,"column":5}},{"start":{},"end":{}}],"line":61},"3":{"loc":{"start":{"line":61,"column":8},"end":{"line":61,"column":66}},"type":"binary-expr","locations":[{"start":{"line":61,"column":8},"end":{"line":61,"column":16}},{"start":{"line":61,"column":20},"end":{"line":61,"column":30}},{"start":{"line":61,"column":34},"end":{"line":61,"column":66}}],"line":61},"4":{"loc":{"start":{"line":67,"column":23},"end":{"line":67,"column":61}},"type":"binary-expr","locations":[{"start":{"line":67,"column":23},"end":{"line":67,"column":31}},{"start":{"line":67,"column":35},"end":{"line":67,"column":61}}],"line":67},"5":{"loc":{"start":{"line":70,"column":18},"end":{"line":70,"column":35}},"type":"binary-expr","locations":[{"start":{"line":70,"column":18},"end":{"line":70,"column":30}},{"start":{"line":70,"column":34},"end":{"line":70,"column":35}}],"line":70},"6":{"loc":{"start":{"line":71,"column":19},"end":{"line":71,"column":37}},"type":"binary-expr","locations":[{"start":{"line":71,"column":19},"end":{"line":71,"column":32}},{"start":{"line":71,"column":36},"end":{"line":71,"column":37}}],"line":71}},"s":{"0":1,"1":13,"2":13,"3":12,"4":1,"5":13,"6":13,"7":12,"8":11,"9":2,"10":9,"11":4,"12":2,"13":2,"14":1,"15":4,"16":4,"17":4,"18":1,"19":3,"20":4,"21":4,"22":1},"f":{"0":13,"1":13,"2":4,"3":4,"4":4},"b":{"0":[2,9],"1":[2,2],"2":[1,3],"3":[4,4,4],"4":[4,4],"5":[4,0],"6":[4,0]},"_coverageSchema":"1a1c01bbd47fc00a2c39e90264f33305004495a9","hash":"802bd7786974e8e2973774b4f2dc82b658061a79"}
,"/Users/othmanesbi/Code/Watermelons_SOEN390/myApp/app/api/shuttleSchedule.js": {"path":"/Users/othmanesbi/Code/Watermelons_SOEN390/myApp/app/api/shuttleSchedule.js","statementMap":{"0":{"start":{"line":5,"column":40},"end":{"line":5,"column":76}},"1":{"start":{"line":5,"column":52},"end":{"line":5,"column":76}},"2":{"start":{"line":8,"column":41},"end":{"line":16,"column":1}},"3":{"start":{"line":9,"column":2},"end":{"line":15,"column":3}},"4":{"start":{"line":10,"column":6},"end":{"line":10,"column":59}},"5":{"start":{"line":11,"column":6},"end":{"line":11,"column":42}},"6":{"start":{"line":13,"column":6},"end":{"line":13,"column":63}},"7":{"start":{"line":14,"column":6},"end":{"line":14,"column":18}},"8":{"start":{"line":20,"column":36},"end":{"line":20,"column":72}},"9":{"start":{"line":20,"column":48},"end":{"line":20,"column":72}},"10":{"start":{"line":23,"column":32},"end":{"line":26,"column":1}},"11":{"start":{"line":24,"column":18},"end":{"line":24,"column":48}},"12":{"start":{"line":25,"column":2},"end":{"line":25,"column":37}}},"fnMap":{"0":{"name":"(anonymous_0)","decl":{"start":{"line":5,"column":40},"end":{"line":5,"column":41}},"loc":{"start":{"line":5,"column":52},"end":{"line":5,"column":76}},"line":5},"1":{"name":"(anonymous_1)","decl":{"start":{"line":8,"column":41},"end":{"line":8,"column":42}},"loc":{"start":{"line":8,"column":56},"end":{"line":16,"column":1}},"line":8},"2":{"name":"(anonymous_2)","decl":{"start":{"line":20,"column":36},"end":{"line":20,"column":37}},"loc":{"start":{"line":20,"column":48},"end":{"line":20,"column":72}},"line":20},"3":{"name":"(anonymous_3)","decl":{"start":{"line":23,"column":32},"end":{"line":23,"column":33}},"loc":{"start":{"line":23,"column":44},"end":{"line":26,"column":1}},"line":23}},"branchMap":{},"s":{"0":1,"1":1,"2":1,"3":3,"4":3,"5":3,"6":1,"7":1,"8":1,"9":4,"10":1,"11":5,"12":4},"f":{"0":1,"1":3,"2":4,"3":5},"b":{},"_coverageSchema":"1a1c01bbd47fc00a2c39e90264f33305004495a9","hash":"8f60cf253aaf9a4d6dcb1414cdb84433b96202ee"}
,"/Users/othmanesbi/Code/Watermelons_SOEN390/myApp/app/api/shuttleScheduleData.js": {"path":"/Users/othmanesbi/Code/Watermelons_SOEN390/myApp/app/api/shuttleScheduleData.js","statementMap":{"0":{"start":{"line":3,"column":31},"end":{"line":28,"column":3}},"1":{"start":{"line":31,"column":38},"end":{"line":36,"column":1}},"2":{"start":{"line":32,"column":2},"end":{"line":34,"column":3}},"3":{"start":{"line":33,"column":4},"end":{"line":33,"column":55}},"4":{"start":{"line":35,"column":2},"end":{"line":35,"column":25}},"5":{"start":{"line":39,"column":39},"end":{"line":51,"column":1}},"6":{"start":{"line":40,"column":2},"end":{"line":42,"column":3}},"7":{"start":{"line":41,"column":4},"end":{"line":41,"column":80}},"8":{"start":{"line":44,"column":24},"end":{"line":44,"column":94}},"9":{"start":{"line":46,"column":2},"end":{"line":48,"column":3}},"10":{"start":{"line":47,"column":4},"end":{"line":47,"column":108}},"11":{"start":{"line":50,"column":2},"end":{"line":50,"column":40}}},"fnMap":{"0":{"name":"(anonymous_0)","decl":{"start":{"line":31,"column":38},"end":{"line":31,"column":39}},"loc":{"start":{"line":31,"column":44},"end":{"line":36,"column":1}},"line":31},"1":{"name":"(anonymous_1)","decl":{"start":{"line":39,"column":39},"end":{"line":39,"column":40}},"loc":{"start":{"line":39,"column":48},"end":{"line":51,"column":1}},"line":39}},"branchMap":{"0":{"loc":{"start":{"line":32,"column":2},"end":{"line":34,"column":3}},"type":"if","locations":[{"start":{"line":32,"column":2},"end":{"line":34,"column":3}},{"start":{},"end":{}}],"line":32},"1":{"loc":{"start":{"line":32,"column":6},"end":{"line":32,"column":67}},"type":"binary-expr","locations":[{"start":{"line":32,"column":6},"end":{"line":32,"column":22}},{"start":{"line":32,"column":26},"end":{"line":32,"column":67}}],"line":32},"2":{"loc":{"start":{"line":40,"column":2},"end":{"line":42,"column":3}},"type":"if","locations":[{"start":{"line":40,"column":2},"end":{"line":42,"column":3}},{"start":{},"end":{}}],"line":40},"3":{"loc":{"start":{"line":40,"column":6},"end":{"line":40,"column":58}},"type":"binary-expr","locations":[{"start":{"line":40,"column":6},"end":{"line":40,"column":10}},{"start":{"line":40,"column":14},"end":{"line":40,"column":37}},{"start":{"line":40,"column":41},"end":{"line":40,"column":58}}],"line":40},"4":{"loc":{"start":{"line":46,"column":2},"end":{"line":48,"column":3}},"type":"if","locations":[{"start":{"line":46,"column":2},"end":{"line":48,"column":3}},{"start":{},"end":{}}],"line":46}},"s":{"0":1,"1":1,"2":1,"3":0,"4":1,"5":1,"6":3,"7":0,"8":3,"9":3,"10":1,"11":2},"f":{"0":1,"1":3},"b":{"0":[0,1],"1":[1,1],"2":[0,3],"3":[3,3,3],"4":[1,2]},"_coverageSchema":"1a1c01bbd47fc00a2c39e90264f33305004495a9","hash":"7edab885fc07d70b4b1241c49bd5b43b6d1989a3"}
,"/Users/othmanesbi/Code/Watermelons_SOEN390/myApp/app/components/BuildingPopUp.tsx": {"path":"/Users/othmanesbi/Code/Watermelons_SOEN390/myApp/app/components/BuildingPopUp.tsx","statementMap":{"0":{"start":{"line":13,"column":59},"end":{"line":63,"column":1}},"1":{"start":{"line":14,"column":2},"end":{"line":14,"column":29}},"2":{"start":{"line":14,"column":17},"end":{"line":14,"column":29}},"3":{"start":{"line":16,"column":2},"end":{"line":62,"column":4}},"4":{"start":{"line":46,"column":12},"end":{"line":46,"column":38}},"5":{"start":{"line":47,"column":12},"end":{"line":47,"column":22}},"6":{"start":{"line":65,"column":15},"end":{"line":131,"column":2}}},"fnMap":{"0":{"name":"(anonymous_0)","decl":{"start":{"line":13,"column":59},"end":{"line":13,"column":60}},"loc":{"start":{"line":13,"column":112},"end":{"line":63,"column":1}},"line":13},"1":{"name":"(anonymous_1)","decl":{"start":{"line":45,"column":21},"end":{"line":45,"column":22}},"loc":{"start":{"line":45,"column":27},"end":{"line":48,"column":13}},"line":45}},"branchMap":{"0":{"loc":{"start":{"line":14,"column":2},"end":{"line":14,"column":29}},"type":"if","locations":[{"start":{"line":14,"column":2},"end":{"line":14,"column":29}},{"start":{},"end":{}}],"line":14},"1":{"loc":{"start":{"line":31,"column":20},"end":{"line":31,"column":63}},"type":"binary-expr","locations":[{"start":{"line":31,"column":20},"end":{"line":31,"column":38}},{"start":{"line":31,"column":42},"end":{"line":31,"column":63}}],"line":31},"2":{"loc":{"start":{"line":34,"column":34},"end":{"line":34,"column":82}},"type":"cond-expr","locations":[{"start":{"line":34,"column":66},"end":{"line":34,"column":73}},{"start":{"line":34,"column":76},"end":{"line":34,"column":82}}],"line":34},"3":{"loc":{"start":{"line":38,"column":17},"end":{"line":38,"column":105}},"type":"cond-expr","locations":[{"start":{"line":38,"column":51},"end":{"line":38,"column":82}},{"start":{"line":38,"column":85},"end":{"line":38,"column":105}}],"line":38}},"s":{"0":1,"1":0,"2":0,"3":0,"4":0,"5":0,"6":1},"f":{"0":0,"1":0},"b":{"0":[0,0],"1":[0,0],"2":[0,0],"3":[0,0]},"_coverageSchema":"1a1c01bbd47fc00a2c39e90264f33305004495a9","hash":"7b53ee617ac04347739f1d96293ebe7e0e20cc74"}
,"/Users/othmanesbi/Code/Watermelons_SOEN390/myApp/app/components/MapDirections.tsx": {"path":"/Users/othmanesbi/Code/Watermelons_SOEN390/myApp/app/components/MapDirections.tsx","statementMap":{"0":{"start":{"line":6,"column":28},"end":{"line":6,"column":63}},"1":{"start":{"line":15,"column":25},"end":{"line":15,"column":27}},"2":{"start":{"line":16,"column":20},"end":{"line":21,"column":1}},"3":{"start":{"line":22,"column":39},"end":{"line":44,"column":1}},"4":{"start":{"line":23,"column":2},"end":{"line":30,"column":36}},"5":{"start":{"line":24,"column":4},"end":{"line":29,"column":5}},"6":{"start":{"line":25,"column":6},"end":{"line":28,"column":9}},"7":{"start":{"line":32,"column":2},"end":{"line":32,"column":43}},"8":{"start":{"line":32,"column":31},"end":{"line":32,"column":43}},"9":{"start":{"line":34,"column":2},"end":{"line":43,"column":4}}},"fnMap":{"0":{"name":"(anonymous_0)","decl":{"start":{"line":22,"column":39},"end":{"line":22,"column":40}},"loc":{"start":{"line":22,"column":100},"end":{"line":44,"column":1}},"line":22},"1":{"name":"(anonymous_1)","decl":{"start":{"line":23,"column":12},"end":{"line":23,"column":13}},"loc":{"start":{"line":23,"column":18},"end":{"line":30,"column":3}},"line":23}},"branchMap":{"0":{"loc":{"start":{"line":22,"column":71},"end":{"line":22,"column":93}},"type":"default-arg","locations":[{"start":{"line":22,"column":84},"end":{"line":22,"column":93}}],"line":22},"1":{"loc":{"start":{"line":24,"column":4},"end":{"line":29,"column":5}},"type":"if","locations":[{"start":{"line":24,"column":4},"end":{"line":29,"column":5}},{"start":{},"end":{}}],"line":24},"2":{"loc":{"start":{"line":24,"column":8},"end":{"line":24,"column":47}},"type":"binary-expr","locations":[{"start":{"line":24,"column":8},"end":{"line":24,"column":14}},{"start":{"line":24,"column":18},"end":{"line":24,"column":29}},{"start":{"line":24,"column":33},"end":{"line":24,"column":47}}],"line":24},"3":{"loc":{"start":{"line":32,"column":2},"end":{"line":32,"column":43}},"type":"if","locations":[{"start":{"line":32,"column":2},"end":{"line":32,"column":43}},{"start":{},"end":{}}],"line":32},"4":{"loc":{"start":{"line":32,"column":6},"end":{"line":32,"column":29}},"type":"binary-expr","locations":[{"start":{"line":32,"column":6},"end":{"line":32,"column":13}},{"start":{"line":32,"column":17},"end":{"line":32,"column":29}}],"line":32}},"s":{"0":1,"1":1,"2":1,"3":1,"4":0,"5":0,"6":0,"7":0,"8":0,"9":0},"f":{"0":0,"1":0},"b":{"0":[0],"1":[0,0],"2":[0,0,0],"3":[0,0],"4":[0,0]},"_coverageSchema":"1a1c01bbd47fc00a2c39e90264f33305004495a9","hash":"f395aca2af889a83b5e546d19ff36f2a8a6ca80f"}
,"/Users/othmanesbi/Code/Watermelons_SOEN390/myApp/app/components/StartAndDestinationPoints.tsx": {"path":"/Users/othmanesbi/Code/Watermelons_SOEN390/myApp/app/components/StartAndDestinationPoints.tsx","statementMap":{"0":{"start":{"line":47,"column":30},"end":{"line":47,"column":65}},"1":{"start":{"line":49,"column":51},"end":{"line":419,"column":1}},"2":{"start":{"line":61,"column":30},"end":{"line":64,"column":17}},"3":{"start":{"line":65,"column":40},"end":{"line":68,"column":17}},"4":{"start":{"line":69,"column":54},"end":{"line":69,"column":69}},"5":{"start":{"line":70,"column":23},"end":{"line":70,"column":36}},"6":{"start":{"line":71,"column":38},"end":{"line":71,"column":50}},"7":{"start":{"line":72,"column":48},"end":{"line":72,"column":60}},"8":{"start":{"line":73,"column":20},"end":{"line":73,"column":37}},"9":{"start":{"line":74,"column":40},"end":{"line":74,"column":55}},"10":{"start":{"line":75,"column":46},"end":{"line":75,"column":61}},"11":{"start":{"line":76,"column":24},"end":{"line":76,"column":33}},"12":{"start":{"line":77,"column":48},"end":{"line":77,"column":62}},"13":{"start":{"line":78,"column":46},"end":{"line":78,"column":58}},"14":{"start":{"line":79,"column":42},"end":{"line":81,"column":18}},"15":{"start":{"line":82,"column":48},"end":{"line":82,"column":59}},"16":{"start":{"line":83,"column":40},"end":{"line":83,"column":51}},"17":{"start":{"line":85,"column":38},"end":{"line":85,"column":53}},"18":{"start":{"line":86,"column":36},"end":{"line":86,"column":51}},"19":{"start":{"line":87,"column":38},"end":{"line":87,"column":58}},"20":{"start":{"line":89,"column":21},"end":{"line":89,"column":36}},"21":{"start":{"line":91,"column":24},"end":{"line":93,"column":3}},"22":{"start":{"line":92,"column":4},"end":{"line":92,"column":33}},"23":{"start":{"line":96,"column":27},"end":{"line":123,"column":3}},"24":{"start":{"line":97,"column":4},"end":{"line":97,"column":40}},"25":{"start":{"line":97,"column":33},"end":{"line":97,"column":40}},"26":{"start":{"line":99,"column":22},"end":{"line":99,"column":62}},"27":{"start":{"line":100,"column":27},"end":{"line":100,"column":77}},"28":{"start":{"line":102,"column":16},"end":{"line":102,"column":186}},"29":{"start":{"line":104,"column":4},"end":{"line":122,"column":5}},"30":{"start":{"line":105,"column":23},"end":{"line":105,"column":39}},"31":{"start":{"line":106,"column":19},"end":{"line":106,"column":40}},"32":{"start":{"line":108,"column":6},"end":{"line":119,"column":7}},"33":{"start":{"line":109,"column":27},"end":{"line":115,"column":9}},"34":{"start":{"line":110,"column":41},"end":{"line":114,"column":11}},"35":{"start":{"line":117,"column":8},"end":{"line":117,"column":34}},"36":{"start":{"line":118,"column":8},"end":{"line":118,"column":27}},"37":{"start":{"line":121,"column":6},"end":{"line":121,"column":57}},"38":{"start":{"line":126,"column":27},"end":{"line":128,"column":3}},"39":{"start":{"line":127,"column":4},"end":{"line":127,"column":24}},"40":{"start":{"line":131,"column":28},"end":{"line":133,"column":3}},"41":{"start":{"line":132,"column":4},"end":{"line":132,"column":42}},"42":{"start":{"line":136,"column":2},"end":{"line":148,"column":19}},"43":{"start":{"line":137,"column":4},"end":{"line":137,"column":35}},"44":{"start":{"line":138,"column":4},"end":{"line":138,"column":33}},"45":{"start":{"line":139,"column":4},"end":{"line":139,"column":25}},"46":{"start":{"line":140,"column":4},"end":{"line":143,"column":5}},"47":{"start":{"line":141,"column":6},"end":{"line":141,"column":32}},"48":{"start":{"line":142,"column":6},"end":{"line":142,"column":40}},"49":{"start":{"line":144,"column":4},"end":{"line":147,"column":5}},"50":{"start":{"line":145,"column":6},"end":{"line":145,"column":42}},"51":{"start":{"line":146,"column":6},"end":{"line":146,"column":50}},"52":{"start":{"line":151,"column":2},"end":{"line":160,"column":64}},"53":{"start":{"line":152,"column":4},"end":{"line":159,"column":5}},"54":{"start":{"line":157,"column":6},"end":{"line":157,"column":40}},"55":{"start":{"line":158,"column":6},"end":{"line":158,"column":50}},"56":{"start":{"line":163,"column":2},"end":{"line":166,"column":20}},"57":{"start":{"line":164,"column":4},"end":{"line":164,"column":27}},"58":{"start":{"line":165,"column":4},"end":{"line":165,"column":25}},"59":{"start":{"line":168,"column":2},"end":{"line":418,"column":4}},"60":{"start":{"line":186,"column":14},"end":{"line":205,"column":15}},"61":{"start":{"line":187,"column":33},"end":{"line":190,"column":17}},"62":{"start":{"line":191,"column":16},"end":{"line":191,"column":36}},"63":{"start":{"line":192,"column":16},"end":{"line":192,"column":44}},"64":{"start":{"line":193,"column":16},"end":{"line":193,"column":37}},"65":{"start":{"line":194,"column":16},"end":{"line":194,"column":39}},"66":{"start":{"line":195,"column":16},"end":{"line":195,"column":37}},"67":{"start":{"line":196,"column":16},"end":{"line":196,"column":38}},"68":{"start":{"line":197,"column":16},"end":{"line":197,"column":48}},"69":{"start":{"line":198,"column":16},"end":{"line":198,"column":68}},"70":{"start":{"line":199,"column":16},"end":{"line":199,"column":37}},"71":{"start":{"line":200,"column":16},"end":{"line":200,"column":45}},"72":{"start":{"line":201,"column":16},"end":{"line":201,"column":48}},"73":{"start":{"line":202,"column":16},"end":{"line":204,"column":19}},"74":{"start":{"line":211,"column":16},"end":{"line":211,"column":40}},"75":{"start":{"line":212,"column":16},"end":{"line":212,"column":41}},"76":{"start":{"line":214,"column":28},"end":{"line":214,"column":52}},"77":{"start":{"line":226,"column":16},"end":{"line":226,"column":35}},"78":{"start":{"line":227,"column":16},"end":{"line":264,"column":17}},"79":{"start":{"line":228,"column":37},"end":{"line":231,"column":19}},"80":{"start":{"line":232,"column":18},"end":{"line":232,"column":40}},"81":{"start":{"line":233,"column":18},"end":{"line":233,"column":48}},"82":{"start":{"line":234,"column":18},"end":{"line":234,"column":39}},"83":{"start":{"line":235,"column":18},"end":{"line":235,"column":39}},"84":{"start":{"line":236,"column":18},"end":{"line":236,"column":47}},"85":{"start":{"line":237,"column":18},"end":{"line":237,"column":47}},"86":{"start":{"line":238,"column":18},"end":{"line":238,"column":41}},"87":{"start":{"line":239,"column":18},"end":{"line":239,"column":39}},"88":{"start":{"line":240,"column":18},"end":{"line":240,"column":40}},"89":{"start":{"line":241,"column":18},"end":{"line":241,"column":50}},"90":{"start":{"line":243,"column":18},"end":{"line":245,"column":21}},"91":{"start":{"line":248,"column":33},"end":{"line":251,"column":19}},"92":{"start":{"line":252,"column":18},"end":{"line":252,"column":63}},"93":{"start":{"line":254,"column":18},"end":{"line":254,"column":47}},"94":{"start":{"line":255,"column":18},"end":{"line":255,"column":41}},"95":{"start":{"line":256,"column":18},"end":{"line":256,"column":39}},"96":{"start":{"line":257,"column":18},"end":{"line":257,"column":67}},"97":{"start":{"line":258,"column":18},"end":{"line":258,"column":44}},"98":{"start":{"line":259,"column":18},"end":{"line":259,"column":43}},"99":{"start":{"line":260,"column":18},"end":{"line":260,"column":40}},"100":{"start":{"line":261,"column":18},"end":{"line":261,"column":50}},"101":{"start":{"line":263,"column":18},"end":{"line":263,"column":62}},"102":{"start":{"line":287,"column":14},"end":{"line":301,"column":15}},"103":{"start":{"line":288,"column":33},"end":{"line":291,"column":17}},"104":{"start":{"line":292,"column":16},"end":{"line":292,"column":41}},"105":{"start":{"line":293,"column":16},"end":{"line":293,"column":49}},"106":{"start":{"line":294,"column":16},"end":{"line":294,"column":37}},"107":{"start":{"line":295,"column":16},"end":{"line":295,"column":45}},"108":{"start":{"line":296,"column":16},"end":{"line":296,"column":53}},"109":{"start":{"line":297,"column":16},"end":{"line":297,"column":38}},"110":{"start":{"line":298,"column":16},"end":{"line":300,"column":19}},"111":{"start":{"line":320,"column":14},"end":{"line":320,"column":73}},"112":{"start":{"line":321,"column":14},"end":{"line":321,"column":59}},"113":{"start":{"line":322,"column":14},"end":{"line":322,"column":71}},"114":{"start":{"line":323,"column":14},"end":{"line":323,"column":64}},"115":{"start":{"line":324,"column":14},"end":{"line":329,"column":15}},"116":{"start":{"line":325,"column":16},"end":{"line":325,"column":44}},"117":{"start":{"line":326,"column":16},"end":{"line":326,"column":35}},"118":{"start":{"line":327,"column":16},"end":{"line":327,"column":45}},"119":{"start":{"line":328,"column":16},"end":{"line":328,"column":49}},"120":{"start":{"line":342,"column":14},"end":{"line":368,"column":33}},"121":{"start":{"line":345,"column":18},"end":{"line":356,"column":19}},"122":{"start":{"line":346,"column":20},"end":{"line":346,"column":58}},"123":{"start":{"line":347,"column":20},"end":{"line":347,"column":40}},"124":{"start":{"line":348,"column":20},"end":{"line":348,"column":39}},"125":{"start":{"line":349,"column":20},"end":{"line":349,"column":40}},"126":{"start":{"line":350,"column":20},"end":{"line":350,"column":42}},"127":{"start":{"line":351,"column":20},"end":{"line":351,"column":44}},"128":{"start":{"line":352,"column":20},"end":{"line":352,"column":48}},"129":{"start":{"line":353,"column":20},"end":{"line":355,"column":23}},"130":{"start":{"line":401,"column":18},"end":{"line":404,"column":25}},"131":{"start":{"line":423,"column":25},"end":{"line":449,"column":2}}},"fnMap":{"0":{"name":"(anonymous_0)","decl":{"start":{"line":49,"column":51},"end":{"line":49,"column":52}},"loc":{"start":{"line":60,"column":6},"end":{"line":419,"column":1}},"line":60},"1":{"name":"(anonymous_1)","decl":{"start":{"line":91,"column":24},"end":{"line":91,"column":25}},"loc":{"start":{"line":91,"column":30},"end":{"line":93,"column":3}},"line":91},"2":{"name":"(anonymous_2)","decl":{"start":{"line":96,"column":27},"end":{"line":96,"column":28}},"loc":{"start":{"line":96,"column":39},"end":{"line":123,"column":3}},"line":96},"3":{"name":"(anonymous_3)","decl":{"start":{"line":110,"column":10},"end":{"line":110,"column":11}},"loc":{"start":{"line":110,"column":41},"end":{"line":114,"column":11}},"line":110},"4":{"name":"(anonymous_4)","decl":{"start":{"line":126,"column":27},"end":{"line":126,"column":28}},"loc":{"start":{"line":126,"column":33},"end":{"line":128,"column":3}},"line":126},"5":{"name":"(anonymous_5)","decl":{"start":{"line":131,"column":28},"end":{"line":131,"column":29}},"loc":{"start":{"line":131,"column":34},"end":{"line":133,"column":3}},"line":131},"6":{"name":"(anonymous_6)","decl":{"start":{"line":136,"column":12},"end":{"line":136,"column":13}},"loc":{"start":{"line":136,"column":18},"end":{"line":148,"column":3}},"line":136},"7":{"name":"(anonymous_7)","decl":{"start":{"line":151,"column":12},"end":{"line":151,"column":13}},"loc":{"start":{"line":151,"column":18},"end":{"line":160,"column":3}},"line":151},"8":{"name":"(anonymous_8)","decl":{"start":{"line":163,"column":12},"end":{"line":163,"column":13}},"loc":{"start":{"line":163,"column":18},"end":{"line":166,"column":3}},"line":163},"9":{"name":"(anonymous_9)","decl":{"start":{"line":185,"column":21},"end":{"line":185,"column":22}},"loc":{"start":{"line":185,"column":47},"end":{"line":206,"column":13}},"line":185},"10":{"name":"(anonymous_10)","decl":{"start":{"line":210,"column":23},"end":{"line":210,"column":24}},"loc":{"start":{"line":210,"column":29},"end":{"line":213,"column":15}},"line":210},"11":{"name":"(anonymous_11)","decl":{"start":{"line":214,"column":22},"end":{"line":214,"column":23}},"loc":{"start":{"line":214,"column":28},"end":{"line":214,"column":52}},"line":214},"12":{"name":"(anonymous_12)","decl":{"start":{"line":225,"column":23},"end":{"line":225,"column":24}},"loc":{"start":{"line":225,"column":29},"end":{"line":265,"column":15}},"line":225},"13":{"name":"(anonymous_13)","decl":{"start":{"line":286,"column":21},"end":{"line":286,"column":22}},"loc":{"start":{"line":286,"column":47},"end":{"line":302,"column":13}},"line":286},"14":{"name":"(anonymous_14)","decl":{"start":{"line":319,"column":21},"end":{"line":319,"column":22}},"loc":{"start":{"line":319,"column":27},"end":{"line":330,"column":13}},"line":319},"15":{"name":"(anonymous_15)","decl":{"start":{"line":341,"column":18},"end":{"line":341,"column":19}},"loc":{"start":{"line":342,"column":14},"end":{"line":368,"column":33}},"line":342},"16":{"name":"(anonymous_16)","decl":{"start":{"line":344,"column":25},"end":{"line":344,"column":26}},"loc":{"start":{"line":344,"column":31},"end":{"line":357,"column":17}},"line":344},"17":{"name":"(anonymous_17)","decl":{"start":{"line":400,"column":32},"end":{"line":400,"column":33}},"loc":{"start":{"line":401,"column":18},"end":{"line":404,"column":25}},"line":401}},"branchMap":{"0":{"loc":{"start":{"line":97,"column":4},"end":{"line":97,"column":40}},"type":"if","locations":[{"start":{"line":97,"column":4},"end":{"line":97,"column":40}},{"start":{},"end":{}}],"line":97},"1":{"loc":{"start":{"line":97,"column":8},"end":{"line":97,"column":31}},"type":"binary-expr","locations":[{"start":{"line":97,"column":8},"end":{"line":97,"column":15}},{"start":{"line":97,"column":19},"end":{"line":97,"column":31}}],"line":97},"2":{"loc":{"start":{"line":108,"column":6},"end":{"line":119,"column":7}},"type":"if","locations":[{"start":{"line":108,"column":6},"end":{"line":119,"column":7}},{"start":{},"end":{}}],"line":108},"3":{"loc":{"start":{"line":140,"column":4},"end":{"line":143,"column":5}},"type":"if","locations":[{"start":{"line":140,"column":4},"end":{"line":143,"column":5}},{"start":{},"end":{}}],"line":140},"4":{"loc":{"start":{"line":144,"column":4},"end":{"line":147,"column":5}},"type":"if","locations":[{"start":{"line":144,"column":4},"end":{"line":147,"column":5}},{"start":{},"end":{}}],"line":144},"5":{"loc":{"start":{"line":152,"column":4},"end":{"line":159,"column":5}},"type":"if","locations":[{"start":{"line":152,"column":4},"end":{"line":159,"column":5}},{"start":{},"end":{}}],"line":152},"6":{"loc":{"start":{"line":153,"column":6},"end":{"line":155,"column":35}},"type":"binary-expr","locations":[{"start":{"line":153,"column":6},"end":{"line":153,"column":29}},{"start":{"line":154,"column":6},"end":{"line":154,"column":24}},{"start":{"line":155,"column":6},"end":{"line":155,"column":35}}],"line":153},"7":{"loc":{"start":{"line":185,"column":28},"end":{"line":185,"column":42}},"type":"default-arg","locations":[{"start":{"line":185,"column":38},"end":{"line":185,"column":42}}],"line":185},"8":{"loc":{"start":{"line":186,"column":14},"end":{"line":205,"column":15}},"type":"if","locations":[{"start":{"line":186,"column":14},"end":{"line":205,"column":15}},{"start":{},"end":{}}],"line":186},"9":{"loc":{"start":{"line":223,"column":11},"end":{"line":271,"column":11}},"type":"binary-expr","locations":[{"start":{"line":223,"column":11},"end":{"line":223,"column":25}},{"start":{"line":223,"column":29},"end":{"line":223,"column":44}},{"start":{"line":224,"column":12},"end":{"line":270,"column":31}}],"line":223},"10":{"loc":{"start":{"line":227,"column":16},"end":{"line":264,"column":17}},"type":"if","locations":[{"start":{"line":227,"column":16},"end":{"line":264,"column":17}},{"start":{"line":262,"column":23},"end":{"line":264,"column":17}}],"line":227},"11":{"loc":{"start":{"line":286,"column":28},"end":{"line":286,"column":42}},"type":"default-arg","locations":[{"start":{"line":286,"column":38},"end":{"line":286,"column":42}}],"line":286},"12":{"loc":{"start":{"line":287,"column":14},"end":{"line":301,"column":15}},"type":"if","locations":[{"start":{"line":287,"column":14},"end":{"line":301,"column":15}},{"start":{},"end":{}}],"line":287},"13":{"loc":{"start":{"line":315,"column":9},"end":{"line":371,"column":9}},"type":"cond-expr","locations":[{"start":{"line":317,"column":10},"end":{"line":333,"column":29}},{"start":{"line":335,"column":10},"end":{"line":370,"column":17}}],"line":315},"14":{"loc":{"start":{"line":324,"column":14},"end":{"line":329,"column":15}},"type":"if","locations":[{"start":{"line":324,"column":14},"end":{"line":329,"column":15}},{"start":{},"end":{}}],"line":324},"15":{"loc":{"start":{"line":324,"column":18},"end":{"line":324,"column":39}},"type":"binary-expr","locations":[{"start":{"line":324,"column":18},"end":{"line":324,"column":24}},{"start":{"line":324,"column":28},"end":{"line":324,"column":39}}],"line":324},"16":{"loc":{"start":{"line":345,"column":18},"end":{"line":356,"column":19}},"type":"if","locations":[{"start":{"line":345,"column":18},"end":{"line":356,"column":19}},{"start":{},"end":{}}],"line":345},"17":{"loc":{"start":{"line":345,"column":22},"end":{"line":345,"column":43}},"type":"binary-expr","locations":[{"start":{"line":345,"column":22},"end":{"line":345,"column":28}},{"start":{"line":345,"column":32},"end":{"line":345,"column":43}}],"line":345},"18":{"loc":{"start":{"line":360,"column":18},"end":{"line":360,"column":64}},"type":"binary-expr","locations":[{"start":{"line":360,"column":18},"end":{"line":360,"column":39}},{"start":{"line":360,"column":43},"end":{"line":360,"column":64}}],"line":360},"19":{"loc":{"start":{"line":366,"column":25},"end":{"line":366,"column":66}},"type":"cond-expr","locations":[{"start":{"line":366,"column":49},"end":{"line":366,"column":56}},{"start":{"line":366,"column":59},"end":{"line":366,"column":66}}],"line":366},"20":{"loc":{"start":{"line":374,"column":7},"end":{"line":392,"column":7}},"type":"binary-expr","locations":[{"start":{"line":374,"column":7},"end":{"line":374,"column":17}},{"start":{"line":375,"column":8},"end":{"line":391,"column":15}}],"line":374},"21":{"loc":{"start":{"line":394,"column":7},"end":{"line":416,"column":7}},"type":"binary-expr","locations":[{"start":{"line":394,"column":7},"end":{"line":394,"column":16}},{"start":{"line":395,"column":8},"end":{"line":415,"column":16}}],"line":394}},"s":{"0":1,"1":1,"2":0,"3":0,"4":0,"5":0,"6":0,"7":0,"8":0,"9":0,"10":0,"11":0,"12":0,"13":0,"14":0,"15":0,"16":0,"17":0,"18":0,"19":0,"20":0,"21":0,"22":0,"23":0,"24":0,"25":0,"26":0,"27":0,"28":0,"29":0,"30":0,"31":0,"32":0,"33":0,"34":0,"35":0,"36":0,"37":0,"38":0,"39":0,"40":0,"41":0,"42":0,"43":0,"44":0,"45":0,"46":0,"47":0,"48":0,"49":0,"50":0,"51":0,"52":0,"53":0,"54":0,"55":0,"56":0,"57":0,"58":0,"59":0,"60":0,"61":0,"62":0,"63":0,"64":0,"65":0,"66":0,"67":0,"68":0,"69":0,"70":0,"71":0,"72":0,"73":0,"74":0,"75":0,"76":0,"77":0,"78":0,"79":0,"80":0,"81":0,"82":0,"83":0,"84":0,"85":0,"86":0,"87":0,"88":0,"89":0,"90":0,"91":0,"92":0,"93":0,"94":0,"95":0,"96":0,"97":0,"98":0,"99":0,"100":0,"101":0,"102":0,"103":0,"104":0,"105":0,"106":0,"107":0,"108":0,"109":0,"110":0,"111":0,"112":0,"113":0,"114":0,"115":0,"116":0,"117":0,"118":0,"119":0,"120":0,"121":0,"122":0,"123":0,"124":0,"125":0,"126":0,"127":0,"128":0,"129":0,"130":0,"131":1},"f":{"0":0,"1":0,"2":0,"3":0,"4":0,"5":0,"6":0,"7":0,"8":0,"9":0,"10":0,"11":0,"12":0,"13":0,"14":0,"15":0,"16":0,"17":0},"b":{"0":[0,0],"1":[0,0],"2":[0,0],"3":[0,0],"4":[0,0],"5":[0,0],"6":[0,0,0],"7":[0],"8":[0,0],"9":[0,0,0],"10":[0,0],"11":[0],"12":[0,0],"13":[0,0],"14":[0,0],"15":[0,0],"16":[0,0],"17":[0,0],"18":[0,0],"19":[0,0],"20":[0,0],"21":[0,0]},"_coverageSchema":"1a1c01bbd47fc00a2c39e90264f33305004495a9","hash":"9fa3ce160c80c26783813493f41a8eb51fdc16bb"}
,"/Users/othmanesbi/Code/Watermelons_SOEN390/myApp/app/components/maps/MapContainer.jsx": {"path":"/Users/othmanesbi/Code/Watermelons_SOEN390/myApp/app/components/maps/MapContainer.jsx","statementMap":{"0":{"start":{"line":6,"column":21},"end":{"line":26,"column":1}},"1":{"start":{"line":13,"column":2},"end":{"line":25,"column":4}},"2":{"start":{"line":18,"column":45},"end":{"line":18,"column":65}}},"fnMap":{"0":{"name":"(anonymous_0)","decl":{"start":{"line":6,"column":21},"end":{"line":6,"column":22}},"loc":{"start":{"line":12,"column":6},"end":{"line":26,"column":1}},"line":12},"1":{"name":"(anonymous_1)","decl":{"start":{"line":18,"column":30},"end":{"line":18,"column":31}},"loc":{"start":{"line":18,"column":45},"end":{"line":18,"column":65}},"line":18}},"branchMap":{},"s":{"0":1,"1":6,"2":1},"f":{"0":6,"1":1},"b":{},"_coverageSchema":"1a1c01bbd47fc00a2c39e90264f33305004495a9","hash":"1c689cd8da29771ca7d4b6d77cf638a557336f10"}
,"/Users/othmanesbi/Code/Watermelons_SOEN390/myApp/app/components/maps/PermissionModal.jsx": {"path":"/Users/othmanesbi/Code/Watermelons_SOEN390/myApp/app/components/maps/PermissionModal.jsx","statementMap":{"0":{"start":{"line":5,"column":24},"end":{"line":25,"column":1}},"1":{"start":{"line":6,"column":2},"end":{"line":24,"column":4}}},"fnMap":{"0":{"name":"(anonymous_0)","decl":{"start":{"line":5,"column":24},"end":{"line":5,"column":25}},"loc":{"start":{"line":5,"column":50},"end":{"line":25,"column":1}},"line":5}},"branchMap":{},"s":{"0":1,"1":5},"f":{"0":5},"b":{},"_coverageSchema":"1a1c01bbd47fc00a2c39e90264f33305004495a9","hash":"e73b394807890e162405a453fecbbdea046d7cfd"}
,"/Users/othmanesbi/Code/Watermelons_SOEN390/myApp/app/screens/HomePage.js": {"path":"/Users/othmanesbi/Code/Watermelons_SOEN390/myApp/app/screens/HomePage.js","statementMap":{"0":{"start":{"line":8,"column":19},"end":{"line":8,"column":30}},"1":{"start":{"line":11,"column":4},"end":{"line":87,"column":6}},"2":{"start":{"line":24,"column":39},"end":{"line":27,"column":26}},"3":{"start":{"line":34,"column":39},"end":{"line":37,"column":26}},"4":{"start":{"line":46,"column":39},"end":{"line":46,"column":84}},"5":{"start":{"line":52,"column":39},"end":{"line":55,"column":26}}},"fnMap":{"0":{"name":"HomePage","decl":{"start":{"line":6,"column":24},"end":{"line":6,"column":32}},"loc":{"start":{"line":6,"column":35},"end":{"line":88,"column":1}},"line":6},"1":{"name":"(anonymous_1)","decl":{"start":{"line":24,"column":33},"end":{"line":24,"column":34}},"loc":{"start":{"line":24,"column":39},"end":{"line":27,"column":26}},"line":24},"2":{"name":"(anonymous_2)","decl":{"start":{"line":34,"column":33},"end":{"line":34,"column":34}},"loc":{"start":{"line":34,"column":39},"end":{"line":37,"column":26}},"line":34},"3":{"name":"(anonymous_3)","decl":{"start":{"line":46,"column":33},"end":{"line":46,"column":34}},"loc":{"start":{"line":46,"column":39},"end":{"line":46,"column":84}},"line":46},"4":{"name":"(anonymous_4)","decl":{"start":{"line":52,"column":33},"end":{"line":52,"column":34}},"loc":{"start":{"line":52,"column":39},"end":{"line":55,"column":26}},"line":52}},"branchMap":{},"s":{"0":5,"1":5,"2":1,"3":1,"4":1,"5":1},"f":{"0":5,"1":1,"2":1,"3":1,"4":1},"b":{},"_coverageSchema":"1a1c01bbd47fc00a2c39e90264f33305004495a9","hash":"eff45a02ee0c9d2586373942558b80cc45c2de68"}
,"/Users/othmanesbi/Code/Watermelons_SOEN390/myApp/app/styles/HomePageStyles.js": {"path":"/Users/othmanesbi/Code/Watermelons_SOEN390/myApp/app/styles/HomePageStyles.js","statementMap":{"0":{"start":{"line":3,"column":30},"end":{"line":115,"column":2}}},"fnMap":{},"branchMap":{"0":{"loc":{"start":{"line":15,"column":19},"end":{"line":15,"column":53}},"type":"cond-expr","locations":[{"start":{"line":15,"column":47},"end":{"line":15,"column":48}},{"start":{"line":15,"column":51},"end":{"line":15,"column":53}}],"line":15}},"s":{"0":1},"f":{},"b":{"0":[0,1]},"_coverageSchema":"1a1c01bbd47fc00a2c39e90264f33305004495a9","hash":"c8fc1f57fce0a8c6bbda0f86c5bbde23d00f1dde"}
,"/Users/othmanesbi/Code/Watermelons_SOEN390/myApp/app/styles/IndoorMapStyles.js": {"path":"/Users/othmanesbi/Code/Watermelons_SOEN390/myApp/app/styles/IndoorMapStyles.js","statementMap":{"0":{"start":{"line":3,"column":20},"end":{"line":3,"column":50}},"1":{"start":{"line":4,"column":21},"end":{"line":4,"column":52}},"2":{"start":{"line":6,"column":15},"end":{"line":88,"column":2}}},"fnMap":{},"branchMap":{},"s":{"0":1,"1":1,"2":1},"f":{},"b":{},"_coverageSchema":"1a1c01bbd47fc00a2c39e90264f33305004495a9","hash":"7b32482a20fdf8671379a2edf4f675307ad2f40c"}
,"/Users/othmanesbi/Code/Watermelons_SOEN390/myApp/app/styles/StartAndDestinationPointsStyles.js": {"path":"/Users/othmanesbi/Code/Watermelons_SOEN390/myApp/app/styles/StartAndDestinationPointsStyles.js","statementMap":{"0":{"start":{"line":2,"column":26},"end":{"line":2,"column":50}}},"fnMap":{},"branchMap":{"0":{"loc":{"start":{"line":122,"column":6},"end":{"line":122,"column":79}},"type":"cond-expr","locations":[{"start":{"line":122,"column":46},"end":{"line":122,"column":50}},{"start":{"line":122,"column":53},"end":{"line":122,"column":79}}],"line":122},"1":{"loc":{"start":{"line":122,"column":53},"end":{"line":122,"column":79}},"type":"cond-expr","locations":[{"start":{"line":122,"column":68},"end":{"line":122,"column":72}},{"start":{"line":122,"column":75},"end":{"line":122,"column":79}}],"line":122}},"s":{"0":1},"f":{},"b":{"0":[1,0],"1":[0,0]},"_coverageSchema":"1a1c01bbd47fc00a2c39e90264f33305004495a9","hash":"aa05987d0372c2e8f63b828fb489150a5aa61bac"}
,"/Users/othmanesbi/Code/Watermelons_SOEN390/myApp/app/styles/UnifiedMapStyles.js": {"path":"/Users/othmanesbi/Code/Watermelons_SOEN390/myApp/app/styles/UnifiedMapStyles.js","statementMap":{"0":{"start":{"line":3,"column":26},"end":{"line":3,"column":50}},"1":{"start":{"line":6,"column":25},"end":{"line":6,"column":27}},"2":{"start":{"line":8,"column":15},"end":{"line":308,"column":2}}},"fnMap":{},"branchMap":{},"s":{"0":1,"1":1,"2":1},"f":{},"b":{},"_coverageSchema":"1a1c01bbd47fc00a2c39e90264f33305004495a9","hash":"968b8b9ec1a9f245087d6cda93864d110bce994a"}
,"/Users/othmanesbi/Code/Watermelons_SOEN390/myApp/assets/images/google_logo.png": {"path":"/Users/othmanesbi/Code/Watermelons_SOEN390/myApp/assets/images/google_logo.png","statementMap":{"0":{"start":{"line":1,"column":0},"end":{"line":4,"column":6}}},"fnMap":{},"branchMap":{},"s":{"0":1},"f":{},"b":{},"_coverageSchema":"1a1c01bbd47fc00a2c39e90264f33305004495a9","hash":"b33fecf26814e838e8e202f5431b1629948b79a1"}
,"/Users/othmanesbi/Code/Watermelons_SOEN390/myApp/assets/images/logo.png": {"path":"/Users/othmanesbi/Code/Watermelons_SOEN390/myApp/assets/images/logo.png","statementMap":{"0":{"start":{"line":1,"column":0},"end":{"line":4,"column":6}}},"fnMap":{},"branchMap":{},"s":{"0":1},"f":{},"b":{},"_coverageSchema":"1a1c01bbd47fc00a2c39e90264f33305004495a9","hash":"c97b2473dd2ff12578a79a9b9d6d3a8d47933b59"}
}
