TN:
SF:app/components/POI/FilterModal.js
FN:8,(anonymous_0)
FNF:1
FNH:1
FNDA:12,(anonymous_0)
DA:8,1
DA:22,12
DA:122,1
LF:3
LH:3
BRDA:50,0,0,11
BRDA:50,0,1,1
BRDA:55,1,0,12
BRDA:55,1,1,11
BRDA:83,2,0,12
BRDA:83,2,1,0
BRDA:94,3,0,12
BRDA:94,3,1,0
BRDA:105,4,0,0
BRDA:105,4,1,12
BRF:10
BRH:7
end_of_record
TN:
SF:app/styles/constants.js
FNF:0
FNH:0
DA:1,1
DA:2,1
DA:3,1
DA:4,1
DA:5,1
LF:5
LH:5
BRF:0
BRH:0
end_of_record
TN:
SF:app/styles/poiStyles.js
FNF:0
FNH:0
DA:6,1
DA:7,1
DA:9,1
DA:10,1
DA:12,1
LF:5
LH:5
BRF:0
BRH:0
end_of_record
