TN:
SF:app/api/POIDataSubject.js
FN:11,(anonymous_0)
FN:29,(anonymous_1)
FN:32,(anonymous_2)
FN:41,(anonymous_3)
FN:42,(anonymous_4)
FN:50,(anonymous_5)
FN:59,(anonymous_6)
FN:67,(anonymous_7)
FN:68,(anonymous_8)
FN:77,(anonymous_9)
FN:86,(anonymous_10)
FNF:11
FNH:10
FNDA:1,(anonymous_0)
FNDA:2,(anonymous_1)
FNDA:1,(anonymous_2)
FNDA:1,(anonymous_3)
FNDA:1,(anonymous_4)
FNDA:8,(anonymous_5)
FNDA:18,(anonymous_6)
FNDA:26,(anonymous_7)
FNDA:1,(anonymous_8)
FNDA:0,(anonymous_9)
FNDA:4,(anonymous_10)
DA:13,1
DA:20,1
DA:21,1
DA:30,2
DA:31,1
DA:32,1
DA:35,1
DA:38,1
DA:41,1
DA:42,1
DA:51,8
DA:52,8
DA:60,18
DA:61,18
DA:68,26
DA:69,1
DA:78,0
DA:87,4
DA:89,3
DA:90,3
DA:91,3
DA:93,3
DA:98,1
LF:23
LH:22
BRDA:30,0,0,1
BRDA:30,0,1,1
BRDA:87,1,0,1
BRDA:87,1,1,3
BRDA:87,2,0,4
BRDA:87,2,1,4
BRDA:93,3,0,3
BRDA:93,3,1,1
BRF:8
BRH:8
end_of_record
TN:
SF:app/api/buildingData.ts
FN:971,(anonymous_0)
FN:973,(anonymous_1)
FN:974,(anonymous_2)
FNF:3
FNH:3
FNDA:1,(anonymous_0)
FNDA:3,(anonymous_1)
FNDA:92,(anonymous_2)
DA:40,2
DA:971,2
DA:973,2
DA:974,92
LF:4
LH:4
BRF:0
BRH:0
end_of_record
TN:
SF:app/api/buildingService.ts
FN:3,(anonymous_0)
FN:8,(anonymous_1)
FNF:2
FNH:2
FNDA:1,(anonymous_0)
FNDA:6,(anonymous_1)
DA:3,1
DA:4,1
DA:8,1
DA:10,6
DA:11,3
DA:14,3
DA:15,3
DA:16,1
DA:19,2
LF:9
LH:9
BRDA:10,0,0,3
BRDA:10,0,1,3
BRDA:10,1,0,6
BRDA:10,1,1,3
BRDA:10,1,2,3
BRDA:15,2,0,1
BRDA:15,2,1,2
BRF:7
BRH:7
end_of_record
TN:
SF:app/api/googleMapsApi.js
FN:13,(anonymous_0)
FN:52,(anonymous_1)
FN:58,(anonymous_2)
FNF:3
FNH:3
FNDA:5,(anonymous_0)
FNDA:3,(anonymous_1)
FNDA:4,(anonymous_2)
FNDA:8,(anonymous_3)
FNDA:9,(anonymous_4)
FNDA:5,(anonymous_5)
FNDA:2,(anonymous_6)
FNDA:5,(anonymous_7)
FNDA:5,(anonymous_8)
DA:4,2
DA:13,2
DA:14,5
DA:16,5
DA:17,2
DA:20,5
DA:21,5
DA:22,4
DA:25,4
DA:30,2
DA:33,2
DA:36,2
DA:39,1
DA:42,3
DA:52,1
DA:57,3
DA:58,3
DA:59,4
DA:61,4
DA:62,2
DA:65,4
DA:66,4
DA:67,3
DA:69,3
DA:70,3
DA:76,1
DA:79,1
DA:82,3
DA:84,0
DA:85,0
LF:30
LH:28
BRDA:4,0,0,1
BRDA:4,0,1,0
BRDA:16,1,0,2
BRDA:16,1,1,3
BRDA:25,2,0,2
BRDA:25,2,1,2
BRDA:26,3,0,4
BRDA:26,3,1,3
BRDA:26,3,2,2
BRDA:33,4,0,0
BRDA:33,4,1,2
BRDA:55,5,0,0
BRDA:61,6,0,2
BRDA:61,6,1,2
BRDA:69,7,0,3
BRDA:69,7,1,0
BRF:16
BRH:12
end_of_record
TN:
SF:app/api/poiApi.js
FN:23,(anonymous_0)
FN:40,(anonymous_1)
FN:65,(anonymous_2)
FN:84,(anonymous_3)
FN:95,(anonymous_4)
FN:163,(anonymous_5)
FN:181,(anonymous_6)
FN:202,(anonymous_7)
FN:223,(anonymous_8)
FN:263,(anonymous_9)
FN:284,(anonymous_10)
FN:289,(anonymous_11)
FNF:12
FNH:12
FNDA:26,(anonymous_0)
FNDA:4,(anonymous_1)
FNDA:26,(anonymous_2)
FNDA:1,(anonymous_3)
FNDA:15,(anonymous_4)
FNDA:2,(anonymous_5)
FNDA:9,(anonymous_6)
FNDA:5,(anonymous_7)
FNDA:4,(anonymous_8)
FNDA:3,(anonymous_9)
FNDA:6,(anonymous_10)
FNDA:11,(anonymous_11)
DA:6,1
DA:7,1
DA:8,1
DA:11,1
DA:23,1
DA:24,26
DA:25,26
DA:30,25
DA:32,1
DA:40,1
DA:41,4
DA:42,4
DA:43,4
DA:44,3
DA:45,2
DA:46,1
DA:49,1
DA:50,1
DA:52,1
DA:55,2
DA:57,3
DA:65,1
DA:66,26
DA:75,26
DA:78,26
DA:81,26
DA:84,1
DA:85,1
DA:95,1
DA:96,15
DA:97,2
DA:98,2
DA:101,13
DA:102,13
DA:104,13
DA:105,13
DA:106,13
DA:107,13
DA:109,13
DA:111,13
DA:112,28
DA:114,28
DA:115,28
DA:116,28
DA:118,28
DA:120,28
DA:121,28
DA:123,28
DA:124,12
DA:125,12
DA:126,16
DA:127,8
DA:128,8
DA:129,8
DA:130,8
DA:131,8
DA:134,28
DA:136,28
DA:137,28
DA:138,1
DA:141,27
DA:143,27
DA:144,1
DA:145,1
DA:146,1
DA:147,1
DA:148,0
DA:150,1
DA:153,27
DA:154,2
DA:157,25
DA:158,25
DA:161,25
DA:162,25
DA:163,2
DA:164,2
DA:165,1
DA:167,1
DA:168,1
DA:169,1
DA:170,1
DA:171,1
DA:172,1
DA:177,24
DA:179,8
DA:180,8
DA:183,9
DA:184,9
DA:189,8
DA:190,8
DA:192,1
DA:196,8
DA:198,16
DA:200,8
DA:201,8
DA:204,5
DA:205,5
DA:210,5
DA:211,5
DA:213,0
DA:217,8
DA:219,8
DA:221,8
DA:222,8
DA:225,4
DA:226,4
DA:237,4
DA:238,4
DA:240,0
DA:244,8
DA:248,9
DA:249,9
DA:251,4
DA:252,4
DA:254,13
DA:263,1
DA:264,3
DA:265,3
DA:268,3
DA:273,3
DA:276,3
DA:278,3
DA:280,3
DA:284,1
DA:285,6
DA:287,3
DA:289,3
DA:290,11
DA:291,11
DA:292,11
DA:293,11
DA:295,11
DA:296,3
DA:297,3
DA:300,8
DA:301,8
DA:303,8
DA:306,8
DA:307,8
DA:310,8
DA:311,8
LF:141
LH:138
BRDA:43,0,0,3
BRDA:43,0,1,1
BRDA:95,1,0,13
BRDA:96,2,0,2
BRDA:96,2,1,13
BRDA:96,3,0,15
BRDA:96,3,1,13
BRDA:112,4,0,0
BRDA:112,4,1,28
BRDA:114,5,0,0
BRDA:114,5,1,28
BRDA:114,6,0,28
BRDA:114,6,1,12
BRDA:115,7,0,0
BRDA:115,7,1,28
BRDA:115,8,0,28
BRDA:115,8,1,8
BRDA:116,9,0,0
BRDA:116,9,1,28
BRDA:116,10,0,28
BRDA:116,10,1,8
BRDA:123,11,0,12
BRDA:123,11,1,16
BRDA:126,12,0,8
BRDA:126,12,1,8
BRDA:129,13,0,8
BRDA:129,13,1,0
BRDA:137,14,0,1
BRDA:137,14,1,27
BRDA:143,15,0,1
BRDA:143,15,1,26
BRDA:147,16,0,0
BRDA:147,16,1,1
BRDA:153,17,0,2
BRDA:153,17,1,25
BRDA:153,18,0,27
BRDA:153,18,1,26
BRDA:154,19,0,2
BRDA:154,19,1,0
BRDA:157,20,0,25
BRDA:157,20,1,0
BRDA:162,21,0,2
BRDA:162,21,1,23
BRDA:162,22,0,25
BRDA:162,22,1,25
BRDA:162,22,2,2
BRDA:164,23,0,1
BRDA:164,23,1,1
BRDA:170,24,0,1
BRDA:170,24,1,0
BRDA:177,25,0,8
BRDA:177,25,1,16
BRDA:184,26,0,8
BRDA:184,26,1,1
BRDA:184,27,0,9
BRDA:184,27,1,8
BRDA:184,27,2,1
BRDA:184,27,3,1
BRDA:198,28,0,8
BRDA:198,28,1,8
BRDA:205,29,0,5
BRDA:205,29,1,0
BRDA:205,30,0,5
BRDA:205,30,1,5
BRDA:205,30,2,1
BRDA:205,30,3,1
BRDA:219,31,0,8
BRDA:219,31,1,0
BRDA:226,32,0,4
BRDA:226,32,1,0
BRDA:226,33,0,4
BRDA:226,33,1,4
BRDA:226,33,2,4
BRDA:226,33,3,3
BRDA:226,33,4,3
BRDA:226,33,5,0
BRDA:226,33,6,0
BRDA:226,33,7,0
BRDA:226,33,8,0
BRDA:226,33,9,0
BRDA:268,34,0,3
BRDA:268,34,1,1
BRDA:268,34,2,1
BRDA:280,35,0,3
BRDA:280,35,1,2
BRDA:280,35,2,2
BRDA:285,36,0,3
BRDA:285,36,1,3
BRDA:285,37,0,6
BRDA:285,37,1,5
BRDA:285,37,2,4
BRDA:295,38,0,3
BRDA:295,38,1,8
BRDA:295,39,0,11
BRDA:295,39,1,8
BRF:95
BRH:78
end_of_record
TN:
SF:app/api/shuttleLiveData.js
FN:4,(anonymous_0)
FN:15,(anonymous_1)
FN:56,(anonymous_2)
FN:68,(anonymous_3)
FN:69,(anonymous_4)
FNF:5
FNH:5
FNDA:13,(anonymous_0)
FNDA:13,(anonymous_1)
FNDA:4,(anonymous_2)
FNDA:4,(anonymous_3)
FNDA:4,(anonymous_4)
DA:4,2
DA:5,13
DA:10,13
DA:11,12
DA:15,2
DA:16,13
DA:18,13
DA:21,12
DA:34,11
DA:36,2
DA:37,2
DA:40,9
DA:43,4
DA:45,2
DA:46,2
DA:49,2
DA:56,2
DA:57,4
DA:59,4
DA:62,4
DA:63,1
DA:67,3
DA:68,4
DA:69,4
DA:78,1
LF:25
LH:25
BRDA:34,0,0,2
BRDA:34,0,1,9
BRDA:43,1,0,2
BRDA:43,1,1,2
BRDA:62,2,0,1
BRDA:62,2,1,3
BRDA:71,3,0,4
BRDA:71,3,1,0
BRDA:72,4,0,4
BRDA:72,4,1,0
BRF:10
BRH:8
end_of_record
TN:
SF:app/api/shuttleSchedule.js
FN:10,(anonymous_0)
FN:22,(anonymous_1)
FN:28,(anonymous_2)
FN:43,(anonymous_3)
FN:46,(anonymous_4)
FNF:5
FNH:4
FNDA:0,(anonymous_0)
FNDA:1,(anonymous_1)
FNDA:3,(anonymous_2)
FNDA:4,(anonymous_3)
FNDA:5,(anonymous_4)
DA:5,2
DA:10,2
DA:11,0
DA:12,0
DA:13,0
DA:15,0
DA:22,2
DA:28,2
DA:29,3
DA:30,0
DA:31,0
DA:34,3
DA:35,3
DA:37,1
DA:38,1
DA:43,4
DA:46,2
DA:47,5
DA:48,4
LF:19
LH:13
BRDA:29,0,0,0
BRDA:29,0,1,3
BRF:2
BRH:1
end_of_record
TN:
SF:app/api/shuttleScheduleData.js
FN:352,(anonymous_0)
FN:360,(anonymous_1)
FN:352,(anonymous_0)
FN:360,(anonymous_1)
FNF:2
FNH:2
FNDA:1,(anonymous_0)
FNDA:3,(anonymous_1)
DA:1,1
DA:352,1
DA:353,1
DA:354,0
DA:356,1
DA:360,1
DA:361,3
DA:362,0
DA:366,3
DA:368,3
DA:369,1
DA:374,2
LF:12
LH:10
BRDA:353,0,0,0
BRDA:353,0,1,1
BRDA:353,1,0,1
BRDA:353,1,1,1
BRDA:361,2,0,0
BRDA:361,2,1,3
BRDA:361,3,0,3
BRDA:361,3,1,3
BRDA:361,3,2,3
BRDA:368,4,0,1
BRDA:368,4,1,2
BRDA:353,0,0,0
BRDA:353,0,1,1
BRDA:353,1,0,1
BRDA:353,1,1,1
BRDA:361,2,0,0
BRDA:361,2,1,3
BRDA:361,3,0,3
BRDA:361,3,1,3
BRDA:361,3,2,3
BRDA:368,4,0,1
BRDA:368,4,1,2
BRF:11
BRH:9
end_of_record
TN:
SF:app/components/BuildingPopUp.tsx
FN:14,(anonymous_0)
FN:56,(anonymous_1)
FN:66,(anonymous_2)
FNF:3
FNH:3
FNDA:5,(anonymous_0)
FNDA:1,(anonymous_1)
FNDA:1,(anonymous_2)
DA:14,1
DA:21,4
DA:23,4
DA:57,1
DA:58,1
DA:67,1
DA:68,1
LF:7
LH:7
BRDA:21,0,0,0
BRDA:21,0,1,4
BRDA:38,1,0,4
BRDA:38,1,1,0
BRDA:42,2,0,4
BRDA:42,2,1,0
BRDA:46,3,0,4
BRDA:46,3,1,0
BRF:8
BRH:4
end_of_record
TN:
SF:app/components/FloorNavigation.js
FN:7,(anonymous_0)
FN:11,(anonymous_1)
FN:12,(anonymous_2)
FN:13,(anonymous_3)
FN:18,(anonymous_4)
FN:26,(anonymous_5)
FN:35,(anonymous_6)
FN:46,(anonymous_7)
FNF:8
FNH:8
FN:11,(anonymous_1)
FN:12,(anonymous_2)
FN:13,(anonymous_3)
FN:18,(anonymous_4)
FN:26,(anonymous_5)
FN:35,(anonymous_6)
FN:46,(anonymous_7)
FNF:8
FNH:8
FNDA:6,(anonymous_0)
FNDA:15,(anonymous_1)
FNDA:15,(anonymous_2)
FNDA:10,(anonymous_3)
FNDA:2,(anonymous_4)
FNDA:5,(anonymous_5)
FNDA:1,(anonymous_6)
FNDA:1,(anonymous_7)
FNDA:15,(anonymous_1)
FNDA:15,(anonymous_2)
FNDA:10,(anonymous_3)
FNDA:2,(anonymous_4)
FNDA:5,(anonymous_5)
FNDA:1,(anonymous_6)
FNDA:1,(anonymous_7)
DA:7,1
DA:8,6
DA:10,5
DA:11,15
DA:12,15
DA:13,10
DA:15,5
DA:16,5
DA:18,5
DA:19,2
DA:20,1
DA:21,1
DA:22,1
DA:26,5
DA:27,5
DA:28,5
DA:31,5
DA:35,1
DA:46,1
DA:56,1
LF:20
LH:20
DA:11,15
DA:12,15
DA:13,10
DA:15,5
DA:16,5
DA:18,5
DA:19,2
DA:20,1
DA:21,1
DA:22,1
DA:26,5
DA:27,5
DA:28,5
DA:31,5
DA:35,1
DA:46,1
DA:56,1
LF:20
LH:20
BRDA:8,0,0,1
BRDA:8,0,1,5
BRDA:8,1,0,6
BRDA:8,1,1,6
BRDA:15,2,0,5
BRDA:15,2,1,0
BRDA:16,3,0,5
BRDA:16,3,1,0
BRDA:19,4,0,1
BRDA:19,4,1,1
BRDA:19,5,0,2
BRDA:19,5,1,1
BRDA:21,6,0,1
BRDA:21,6,1,0
BRDA:21,7,0,1
BRDA:21,7,1,1
BRDA:27,8,0,0
BRDA:27,8,1,5
BRDA:34,9,0,5
BRDA:34,9,1,1
BRDA:42,10,0,5
BRDA:42,10,1,0
BRDA:45,11,0,5
BRDA:45,11,1,1
BRF:24
BRH:19
BRDA:15,2,0,5
BRDA:15,2,1,0
BRDA:16,3,0,5
BRDA:16,3,1,0
BRDA:19,4,0,1
BRDA:19,4,1,1
BRDA:19,5,0,2
BRDA:19,5,1,1
BRDA:21,6,0,1
BRDA:21,6,1,0
BRDA:21,7,0,1
BRDA:21,7,1,1
BRDA:27,8,0,0
BRDA:27,8,1,5
BRDA:34,9,0,5
BRDA:34,9,1,1
BRDA:42,10,0,5
BRDA:42,10,1,0
BRDA:45,11,0,5
BRDA:45,11,1,1
BRF:24
BRH:19
end_of_record
TN:
SF:app/components/MapDirections.tsx
FN:19,(anonymous_0)
FN:35,(anonymous_1)
FN:38,(anonymous_2)
FN:61,(anonymous_3)
FN:67,(anonymous_4)
FN:74,(anonymous_5)
FN:99,(anonymous_6)
FN:101,(anonymous_7)
FN:102,(anonymous_8)
FN:123,(anonymous_9)
FN:124,(anonymous_10)
FN:127,(anonymous_11)
FN:151,(anonymous_12)
FNF:13
FNH:11
FNDA:4,(anonymous_0)
FNDA:3,(anonymous_1)
FNDA:3,(anonymous_2)
FNDA:1,(anonymous_3)
FNDA:1,(anonymous_4)
FNDA:3,(anonymous_5)
FNDA:4,(anonymous_6)
FNDA:1,(anonymous_7)
FNDA:0,(anonymous_8)
FNDA:2,(anonymous_9)
FNDA:2,(anonymous_10)
FNDA:0,(anonymous_11)
FNDA:0,(anonymous_12)
DA:8,1
DA:9,1
DA:10,1
DA:19,1
DA:26,3
DA:28,3
DA:29,3
DA:31,3
DA:32,3
DA:33,3
DA:35,3
DA:36,3
DA:38,3
DA:39,3
DA:42,3
DA:43,3
DA:44,3
DA:46,3
DA:47,3
DA:48,3
DA:51,3
DA:52,3
DA:53,3
DA:56,3
DA:59,3
DA:61,3
DA:62,3
DA:67,3
DA:68,3
DA:69,0
DA:70,0
DA:74,3
DA:75,3
DA:77,3
DA:80,3
DA:82,3
DA:83,3
DA:84,2
DA:85,0
DA:87,2
DA:88,2
DA:89,2
DA:90,2
DA:92,0
DA:95,3
DA:99,3
DA:100,0
DA:101,0
DA:102,0
DA:104,0
DA:105,0
DA:106,0
DA:107,0
DA:109,0
DA:111,0
DA:112,0
DA:113,0
DA:115,0
DA:123,3
DA:124,2
DA:125,2
DA:126,0
DA:127,0
DA:128,0
DA:144,3
DA:146,0
DA:152,0
LF:67
LH:46
BRDA:39,0,0,0
BRDA:39,0,1,3
BRDA:39,1,0,3
BRDA:39,1,1,3
BRDA:39,1,2,3
BRDA:46,2,0,3
BRDA:46,2,1,0
BRDA:46,3,0,3
BRDA:46,3,1,0
BRDA:46,3,2,0
BRDA:68,4,0,0
BRDA:68,4,1,3
BRDA:68,5,0,3
BRDA:68,5,1,0
BRDA:75,6,0,0
BRDA:75,6,1,3
BRDA:75,7,0,3
BRDA:75,7,1,3
BRDA:84,8,0,0
BRDA:84,8,1,2
BRDA:88,9,0,0
BRDA:88,9,1,2
BRDA:89,10,0,2
BRDA:89,10,1,0
BRDA:89,11,0,2
BRDA:89,11,1,2
BRDA:100,12,0,0
BRDA:100,12,1,0
BRDA:100,13,0,0
BRDA:100,13,1,0
BRDA:144,14,0,3
BRDA:144,14,1,0
BRDA:144,15,0,3
BRDA:144,15,1,3
BRDA:144,15,2,3
BRDA:156,16,0,0
BRDA:156,16,1,0
BRDA:157,17,0,0
BRDA:157,17,1,0
BRDA:158,18,0,0
BRDA:158,18,1,0
BRF:41
BRH:20
end_of_record
TN:
SF:app/components/MonthPicker.js
FN:5,(anonymous_0)
FN:19,(anonymous_1)
FNF:2
FNH:1
FNDA:9,(anonymous_0)
FNDA:0,(anonymous_1)
DA:5,1
DA:6,9
DA:19,0
LF:3
LH:2
BRF:0
BRH:0
end_of_record
TN:
SF:app/components/IndoorMap/IndoorMap.js
FN:7,(anonymous_0)
FN:13,(anonymous_1)
FN:25,(anonymous_2)
FNF:3
FNH:3
FNDA:8,(anonymous_0)
FNDA:4,(anonymous_1)
FNDA:5132,(anonymous_2)
DA:7,1
DA:8,8
DA:13,8
DA:14,4
DA:15,4
DA:18,8
DA:19,4
DA:23,4
DA:26,5132
DA:27,5132
DA:30,5132
DA:32,1283
DA:40,4
DA:154,1
LF:14
LH:14
BRDA:18,0,0,4
BRDA:18,0,1,4
BRDA:30,1,0,3849
BRDA:30,1,1,1283
BRDA:33,2,0,1283
BRDA:33,2,1,0
BRDA:33,2,2,1283
BRDA:33,2,3,1283
BRF:8
BRH:7
end_of_record
TN:
SF:app/components/IndoorMap/ShortestPath.js
FN:1,dijkstra
FN:4,(anonymous_1)
FN:17,(anonymous_2)
FN:50,(anonymous_3)
FNF:4
FNH:4
FNDA:6,dijkstra
FNDA:63,(anonymous_1)
FNDA:6,(anonymous_2)
FNDA:369,(anonymous_3)
DA:4,6
DA:5,63
DA:9,7
DA:12,56
DA:17,6
DA:18,6
DA:19,1
DA:21,5
DA:22,1
DA:24,4
DA:27,6
DA:28,2
DA:32,4
DA:34,4
DA:36,4
DA:39,4
DA:41,64
DA:43,64
DA:45,4
DA:48,4
DA:50,29
DA:51,369
DA:55,29
DA:58,29
DA:61,25
DA:64,52
DA:65,5
DA:66,5
DA:68,47
DA:69,47
DA:73,47
DA:74,24
DA:75,24
DA:81,4
DA:82,4
DA:83,4
DA:84,15
DA:85,15
DA:88,4
LF:39
LH:39
BRDA:5,0,0,7
BRDA:5,0,1,56
BRDA:5,1,0,63
BRDA:5,1,1,43
BRDA:5,1,2,37
BRDA:5,1,3,9
BRDA:7,2,0,9
BRDA:7,2,1,7
BRDA:18,3,0,1
BRDA:18,3,1,5
BRDA:21,4,0,1
BRDA:21,4,1,4
BRDA:27,5,0,2
BRDA:27,5,1,4
BRDA:51,6,0,273
BRDA:51,6,1,96
BRDA:58,7,0,4
BRDA:58,7,1,25
BRDA:64,8,0,5
BRDA:64,8,1,47
BRDA:73,9,0,24
BRDA:73,9,1,23
BRDA:88,10,0,3
BRDA:88,10,1,1
BRF:24
BRH:24
FNDA:6,dijkstra
FNDA:63,(anonymous_1)
FNDA:6,(anonymous_2)
FNDA:369,(anonymous_3)
DA:4,6
DA:5,63
DA:9,7
DA:12,56
DA:17,6
DA:18,6
DA:19,1
DA:21,5
DA:22,1
DA:24,4
DA:27,6
DA:28,2
DA:32,4
DA:34,4
DA:36,4
DA:39,4
DA:41,64
DA:43,64
DA:45,4
DA:48,4
DA:50,29
DA:51,369
DA:55,29
DA:58,29
DA:61,25
DA:64,52
DA:65,5
DA:66,5
DA:68,47
DA:69,47
DA:73,47
DA:74,24
DA:75,24
DA:81,4
DA:82,4
DA:83,4
DA:84,15
DA:85,15
DA:88,4
LF:39
LH:39
BRDA:5,0,0,7
BRDA:5,0,1,56
BRDA:5,1,0,63
BRDA:5,1,1,43
BRDA:5,1,2,37
BRDA:5,1,3,9
BRDA:7,2,0,9
BRDA:7,2,1,7
BRDA:18,3,0,1
BRDA:18,3,1,5
BRDA:21,4,0,1
BRDA:21,4,1,4
BRDA:27,5,0,2
BRDA:27,5,1,4
BRDA:51,6,0,273
BRDA:51,6,1,96
BRDA:58,7,0,4
BRDA:58,7,1,25
BRDA:64,8,0,5
BRDA:64,8,1,47
BRDA:73,9,0,24
BRDA:73,9,1,23
BRDA:88,10,0,3
BRDA:88,10,1,1
BRF:24
BRH:24
end_of_record
TN:
SF:app/components/POI/MapMarkers.js
FN:8,MapMarkers
FN:10,(anonymous_1)
FN:17,(anonymous_2)
FN:19,(anonymous_3)
FN:31,(anonymous_4)
FN:33,(anonymous_5)
FNF:6
FNH:5
FNDA:10,MapMarkers
FNDA:18,(anonymous_1)
FNDA:1,(anonymous_2)
FNDA:8,(anonymous_3)
FNDA:0,(anonymous_4)
FNDA:2,(anonymous_5)
DA:9,10
DA:10,10
DA:11,18
DA:12,18
DA:13,18
DA:17,16
DA:18,1
DA:19,8
DA:23,16
DA:25,16
DA:31,0
DA:33,2
LF:12
LH:11
BRDA:13,0,0,2
BRDA:13,0,1,16
BRDA:13,1,0,18
BRDA:13,1,1,16
BRDA:23,2,0,16
BRDA:23,2,1,1
BRDA:30,3,0,16
BRDA:30,3,1,1
BRF:8
BRH:8
end_of_record
TN:
SF:app/components/POI/Markers.js
FN:7,(anonymous_0)
FN:13,(anonymous_1)
FN:19,(anonymous_2)
FNF:3
FNH:3
FNDA:4,(anonymous_0)
FNDA:4,(anonymous_1)
FNDA:4,(anonymous_2)
DA:7,1
DA:8,4
DA:13,1
DA:14,4
DA:19,1
DA:20,4
LF:6
LH:6
BRF:0
BRH:0
end_of_record
TN:
SF:app/components/POI/POIList.js
FN:28,(anonymous_0)
FN:34,(anonymous_1)
FN:41,(anonymous_2)
FN:68,(anonymous_3)
FN:98,(anonymous_4)
FN:151,(anonymous_5)
FN:208,(anonymous_6)
FN:210,(anonymous_7)
FN:225,(anonymous_8)
FN:228,(anonymous_9)
FN:237,(anonymous_10)
FN:244,(anonymous_11)
FN:262,(anonymous_12)
FN:269,(anonymous_13)
FN:292,(anonymous_14)
FNF:15
FNH:14
FNDA:51,(anonymous_0)
FNDA:51,(anonymous_1)
FNDA:51,(anonymous_2)
FNDA:1,(anonymous_3)
FNDA:1,(anonymous_4)
FNDA:10,(anonymous_5)
FNDA:73,(anonymous_6)
FNDA:29,(anonymous_7)
FNDA:24,(anonymous_8)
FNDA:50,(anonymous_9)
FNDA:3,(anonymous_10)
FNDA:4,(anonymous_11)
FNDA:1,(anonymous_12)
FNDA:0,(anonymous_13)
FNDA:1,(anonymous_14)
DA:21,1
DA:24,1
DA:25,1
DA:26,1
DA:28,1
DA:29,51
DA:30,19
DA:31,1
DA:34,1
DA:35,51
DA:36,19
DA:37,1
DA:41,1
DA:42,51
DA:44,51
DA:47,51
DA:57,51
DA:60,51
DA:64,51
DA:65,51
DA:68,51
DA:69,1
DA:70,1
DA:72,1
DA:73,1
DA:74,1
DA:77,1
DA:80,1
DA:90,51
DA:99,1
DA:100,1
DA:154,10
DA:155,10
DA:158,10
DA:161,10
DA:162,10
DA:163,10
DA:164,10
DA:165,10
DA:166,10
DA:167,10
DA:170,10
DA:174,10
DA:180,1
DA:208,73
DA:210,1
DA:220,29
DA:221,29
DA:222,29
DA:225,29
DA:228,29
DA:229,50
DA:237,29
DA:244,29
DA:245,4
DA:248,4
DA:249,3
DA:250,3
DA:257,1
DA:258,1
DA:263,1
DA:269,29
DA:270,0
DA:271,0
DA:275,29
DA:277,29
DA:278,1
DA:286,28
DA:287,1
DA:293,1
DA:294,1
DA:304,27
DA:305,1
DA:315,26
DA:317,26
DA:388,1
LF:76
LH:74
BRDA:29,0,0,32
BRDA:29,0,1,19
BRDA:30,1,0,18
BRDA:30,1,1,1
BRDA:35,2,0,32
BRDA:35,2,1,19
BRDA:36,3,0,18
BRDA:36,3,1,1
BRDA:47,4,0,1
BRDA:47,4,1,50
BRDA:50,5,0,50
BRDA:50,5,1,2
BRDA:51,6,0,50
BRDA:51,6,1,2
BRDA:57,7,0,51
BRDA:57,7,1,50
BRDA:60,8,0,30
BRDA:60,8,1,21
BRDA:92,9,0,30
BRDA:92,9,1,21
BRDA:92,10,0,51
BRDA:92,10,1,30
BRDA:118,11,0,51
BRDA:118,11,1,0
BRDA:122,12,0,51
BRDA:122,12,1,0
BRDA:133,13,0,51
BRDA:133,13,1,50
BRDA:158,14,0,0
BRDA:158,14,1,10
BRDA:163,15,0,0
BRDA:163,15,1,10
BRDA:163,16,0,10
BRDA:163,16,1,0
BRDA:164,17,0,0
BRDA:164,17,1,10
BRDA:164,18,0,10
BRDA:164,18,1,10
BRDA:165,19,0,10
BRDA:165,19,1,0
BRDA:165,20,0,10
BRDA:165,20,1,10
BRDA:170,21,0,0
BRDA:170,21,1,10
BRDA:170,22,0,10
BRDA:170,22,1,10
BRDA:174,23,0,10
BRDA:174,23,1,10
BRDA:174,23,2,10
BRDA:174,23,3,10
BRDA:208,24,0,73
BRDA:208,24,1,0
BRDA:208,24,2,0
BRDA:248,25,0,3
BRDA:248,25,1,1
BRDA:248,26,0,4
BRDA:248,26,1,3
BRDA:257,27,0,1
BRDA:257,27,1,0
BRDA:257,28,0,1
BRDA:257,28,1,1
BRDA:270,29,0,0
BRDA:270,29,1,0
BRDA:277,30,0,1
BRDA:277,30,1,28
BRDA:277,31,0,29
BRDA:277,31,1,1
BRDA:286,32,0,1
BRDA:286,32,1,27
BRDA:286,33,0,28
BRDA:286,33,1,3
BRDA:286,33,2,3
BRDA:289,34,0,1
BRDA:289,34,1,0
BRDA:304,35,0,1
BRDA:304,35,1,26
BRDA:304,36,0,27
BRDA:304,36,1,27
BRDA:359,37,0,1
BRDA:359,37,1,25
BRDA:370,38,0,26
BRDA:370,38,1,3
BRF:82
BRH:68
end_of_record
TN:
SF:app/components/POI/POIPopup.js
FN:7,(anonymous_0)
FN:13,(anonymous_1)
FN:21,(anonymous_2)
FN:26,(anonymous_3)
FNF:4
FNH:4
FNDA:9,(anonymous_0)
FNDA:7,(anonymous_1)
FNDA:1,(anonymous_2)
FNDA:1,(anonymous_3)
DA:7,1
DA:8,9
DA:10,9
DA:13,8
DA:14,7
DA:15,6
DA:17,1
DA:21,8
DA:22,1
DA:23,1
DA:26,8
DA:27,1
DA:28,1
DA:31,8
DA:72,1
DA:84,1
LF:16
LH:16
BRDA:7,0,0,0
BRDA:7,1,0,0
BRDA:10,2,0,1
BRDA:10,2,1,8
BRDA:14,3,0,6
BRDA:14,3,1,1
BRDA:48,4,0,7
BRDA:48,4,1,1
BRDA:48,5,0,7
BRDA:48,5,1,0
BRDA:50,6,0,8
BRDA:50,6,1,1
BRDA:52,7,0,7
BRDA:52,7,1,1
BRF:14
BRH:11
end_of_record
TN:
SF:app/constants/outdoorMap.jsx
FNF:0
FNH:0
DA:2,5
DA:8,5
DA:16,5
LF:3
LH:3
BRF:0
BRH:0
end_of_record
TN:
SF:app/context/IndoorMapContext.tsx
FN:25,(anonymous_0)
FN:30,(anonymous_1)
FN:35,(anonymous_2)
FN:40,(anonymous_3)
FN:45,(anonymous_4)
FN:61,(anonymous_5)
FNF:6
FN:25,(anonymous_0)
FN:30,(anonymous_1)
FN:35,(anonymous_2)
FN:40,(anonymous_3)
FN:45,(anonymous_4)
FN:61,(anonymous_5)
FNF:6
FNH:5
FNDA:5,(anonymous_0)
FNDA:1,(anonymous_1)
FNDA:1,(anonymous_2)
FNDA:0,(anonymous_3)
FNDA:5,(anonymous_4)
FNDA:8,(anonymous_5)
FNDA:0,(anonymous_3)
FNDA:5,(anonymous_4)
FNDA:8,(anonymous_5)
DA:23,1
DA:25,1
DA:26,5
DA:25,1
DA:26,5
DA:27,5
DA:28,5
DA:30,5
DA:31,1
DA:32,1
DA:35,5
DA:36,1
DA:37,1
DA:40,5
DA:41,0
DA:42,0
DA:45,5
DA:54,5
DA:61,1
DA:62,8
DA:63,7
DA:64,2
DA:66,5
LF:21
LH:19
BRDA:63,0,0,2
BRDA:63,0,1,5
DA:28,5
DA:30,5
DA:31,1
DA:32,1
DA:35,5
DA:36,1
DA:37,1
DA:40,5
DA:41,0
DA:42,0
DA:45,5
DA:54,5
DA:61,1
DA:62,8
DA:63,7
DA:64,2
DA:66,5
LF:21
LH:19
BRDA:63,0,0,2
BRDA:63,0,1,5
BRF:2
BRH:2
end_of_record
TN:
SF:app/hooks/useButtonInteraction.js
FN:5,(anonymous_0)
FN:9,(anonymous_1)
FNF:2
FNH:2
FNDA:80,(anonymous_0)
FNDA:2,(anonymous_1)
DA:5,1
DA:6,80
DA:7,80
DA:9,80
DA:10,2
DA:11,2
DA:13,2
DA:14,2
DA:16,2
DA:17,2
DA:19,2
DA:20,0
DA:24,80
LF:13
LH:12
BRDA:10,0,0,2
BRDA:10,0,1,0
BRDA:13,1,0,2
BRDA:13,1,1,0
BRDA:16,2,0,2
BRDA:16,2,1,0
BRDA:19,3,0,0
BRDA:19,3,1,2
BRF:8
BRH:4
end_of_record
TN:
SF:app/screens/CalendarFetching.js
FN:27,CalendarFetching
FN:42,(anonymous_1)
FN:86,(anonymous_2)
FN:115,(anonymous_3)
FN:117,(anonymous_4)
FN:121,(anonymous_5)
FN:126,(anonymous_6)
FN:127,(anonymous_7)
FN:183,(anonymous_8)
FN:187,(anonymous_9)
FN:221,(anonymous_10)
FN:243,(anonymous_11)
FN:246,(anonymous_12)
FN:256,(anonymous_13)
FNF:14
FNH:8
FNDA:9,CalendarFetching
FNDA:1,(anonymous_1)
FNDA:0,(anonymous_2)
FNDA:5,(anonymous_3)
FNDA:0,(anonymous_4)
FNDA:0,(anonymous_5)
FNDA:5,(anonymous_6)
FNDA:5,(anonymous_7)
FNDA:3,(anonymous_8)
FNDA:1,(anonymous_9)
FNDA:1,(anonymous_10)
FNDA:0,(anonymous_11)
FNDA:0,(anonymous_12)
FNDA:0,(anonymous_13)
DA:28,9
DA:29,9
DA:31,9
DA:32,9
DA:33,9
DA:34,9
DA:35,9
DA:37,9
DA:38,9
DA:40,9
DA:42,9
DA:43,1
DA:44,1
DA:45,1
DA:48,0
DA:50,0
DA:51,0
DA:52,0
DA:53,0
DA:54,0
DA:55,0
DA:57,0
DA:59,0
DA:60,0
DA:61,0
DA:63,0
DA:64,0
DA:66,0
DA:67,0
DA:70,0
DA:71,0
DA:74,0
DA:75,0
DA:78,0
DA:80,0
DA:82,0
DA:83,0
DA:86,0
DA:89,0
DA:90,0
DA:91,0
DA:92,0
DA:95,0
DA:98,0
DA:100,0
DA:101,0
DA:105,0
DA:107,0
DA:108,0
DA:111,0
DA:115,9
DA:116,5
DA:117,0
DA:118,0
DA:121,0
DA:126,9
DA:127,5
DA:128,5
DA:129,5
DA:130,5
DA:131,2
DA:134,0
DA:138,5
DA:141,9
DA:142,0
DA:159,9
DA:184,3
DA:187,1
DA:222,1
DA:223,1
DA:224,1
DA:226,0
DA:243,1
DA:244,0
DA:246,0
DA:254,0
DA:256,0
DA:259,0
LF:78
LH:31
BRDA:40,0,0,9
BRDA:40,0,1,0
BRDA:43,1,0,1
BRDA:43,1,1,0
BRDA:54,2,0,0
BRDA:54,2,1,0
BRDA:63,3,0,0
BRDA:63,3,1,0
BRDA:66,4,0,0
BRDA:66,4,1,0
BRDA:80,5,0,0
BRDA:80,5,1,0
BRDA:80,6,0,0
BRDA:80,6,1,0
BRDA:82,7,0,0
BRDA:82,7,1,0
BRDA:89,8,0,0
BRDA:89,8,1,0
BRDA:116,9,0,0
BRDA:116,9,1,5
BRDA:130,10,0,2
BRDA:130,10,1,3
BRDA:141,11,0,0
BRDA:141,11,1,9
BRDA:180,12,0,9
BRDA:180,12,1,3
BRDA:214,13,0,0
BRDA:214,13,1,9
BRDA:247,14,0,0
BRDA:247,14,1,0
BRDA:248,15,0,0
BRDA:248,15,1,0
BRDA:248,15,2,0
BRDA:249,16,0,0
BRDA:249,16,1,0
BRDA:249,16,2,0
BRDA:250,17,0,0
BRDA:250,17,1,0
BRDA:251,18,0,0
BRDA:251,18,1,0
BRF:40
BRH:9
end_of_record
TN:
SF:app/screens/HomePage.js
FN:9,HomePage
FN:13,(anonymous_1)
FN:17,(anonymous_2)
FN:38,(anonymous_3)
FN:45,(anonymous_4)
FN:58,(anonymous_5)
FNF:6
FNH:5
FNDA:5,HomePage
FNDA:1,(anonymous_1)
FNDA:1,(anonymous_2)
FNDA:1,(anonymous_3)
FNDA:1,(anonymous_4)
FNDA:1,(anonymous_5)
FNDA:1,(anonymous_6)
FNDA:1,(anonymous_7)
DA:10,7
DA:11,7
DA:13,7
DA:14,7
DA:17,7
DA:18,5
DA:19,5
DA:20,5
DA:23,7
DA:38,1
DA:45,1
DA:58,0
LF:7
LH:6
BRF:0
BRH:0
end_of_record
TN:
SF:app/screens/SettingsPage.js
FN:9,Settings
FN:32,(anonymous_1)
FN:32,(anonymous_2)
FNF:3
FNH:3
FNDA:7,Settings
FNDA:2,(anonymous_1)
FNDA:2,(anonymous_2)
DA:17,7
DA:19,7
DA:21,7
DA:32,2
LF:4
LH:4
BRDA:57,0,0,0
BRDA:57,0,1,7
BRDA:70,1,0,0
BRDA:70,1,1,7
BRF:4
BRH:2
end_of_record
TN:
SF:app/styles/CalendarFetchingStyles.js
FNF:0
FNH:0
DA:4,1
DA:4,1
LF:1
LH:1
BRF:0
BRH:0
end_of_record
TN:
SF:app/styles/HomePageStyles.js
FNF:0
FNH:0
DA:4,1
DA:4,1
LF:1
LH:1
BRDA:16,0,0,0
BRDA:16,0,1,1
BRDA:16,0,0,0
BRDA:16,0,1,1
BRF:2
BRH:1
end_of_record
TN:
SF:app/styles/IndoorMapStyles.js
FNF:0
FNH:0
DA:3,2
DA:4,2
DA:6,2
LF:3
LH:3
BRF:0
BRH:0
end_of_record
TN:
SF:app/styles/POIListStyle.js
FNF:0
FNH:0
DA:4,1
LF:1
LH:1
BRF:0
BRH:0
end_of_record
TN:
SF:app/styles/PopUpStyles.js
FNF:0
FNH:0
DA:4,1
LF:1
LH:1
BRF:0
BRH:0
end_of_record
TN:
SF:app/styles/constants.js
FNF:0
FNH:0
DA:1,3
DA:2,3
DA:3,3
DA:4,3
DA:5,3
LF:5
LH:5
BRF:0
BRH:0
end_of_record
TN:
SF:app/utils/IndoorMapUtils.js
FN:2,(anonymous_0)
FN:44,(anonymous_1)
FN:45,(anonymous_2)
FN:48,(anonymous_3)
FN:50,(anonymous_4)
FN:58,(anonymous_5)
FN:81,(anonymous_6)
FN:87,(anonymous_7)
FN:94,(anonymous_8)
FN:105,(anonymous_9)
FNF:10
FNH:9
FNDA:0,(anonymous_0)
FNDA:1,(anonymous_1)
FNDA:2,(anonymous_2)
FNDA:1,(anonymous_3)
FNDA:3,(anonymous_4)
FNDA:2,(anonymous_5)
FNDA:5,(anonymous_6)
FNDA:4,(anonymous_7)
FNDA:4,(anonymous_8)
FNDA:12,(anonymous_9)
DA:2,1
DA:11,0
DA:14,0
DA:16,0
DA:18,0
DA:25,0
DA:26,0
DA:29,0
DA:30,0
DA:31,0
DA:34,0
DA:44,1
DA:45,2
DA:48,1
DA:49,1
DA:50,1
DA:51,3
DA:52,3
DA:54,1
DA:58,1
DA:65,2
DA:66,2
DA:67,2
DA:70,2
DA:81,1
DA:82,5
DA:83,5
DA:87,1
DA:88,4
DA:90,2
DA:91,2
DA:94,4
DA:96,2
DA:97,1
DA:98,1
DA:99,1
DA:101,1
DA:105,1
DA:106,12
DA:107,12
DA:109,12
DA:111,12
DA:112,12
DA:115,12
DA:116,3
DA:117,3
DA:118,1
DA:122,12
LF:48
LH:38
BRDA:16,0,0,0
BRDA:16,0,1,0
BRDA:26,1,0,0
BRDA:26,1,1,0
BRDA:71,2,0,1
BRDA:71,2,1,1
BRDA:83,3,0,5
BRDA:83,3,1,0
BRDA:88,4,0,2
BRDA:88,4,1,2
BRDA:91,5,0,0
BRDA:91,5,1,2
BRDA:96,6,0,1
BRDA:96,6,1,1
BRDA:109,7,0,0
BRDA:109,7,1,12
BRDA:115,8,0,3
BRDA:115,8,1,9
BRDA:117,9,0,1
BRDA:117,9,1,2
BRF:20
BRH:13
end_of_record
TN:
SF:app/utils/distanceShuttle.js
FN:9,(anonymous_0)
FN:10,(anonymous_1)
FN:24,(anonymous_2)
FN:26,(anonymous_3)
FN:9,(anonymous_0)
FN:10,(anonymous_1)
FN:24,(anonymous_2)
FN:26,(anonymous_3)
FNF:4
FNH:4
FNDA:4,(anonymous_0)
FNDA:6,(anonymous_1)
FNDA:15,(anonymous_2)
FNDA:60,(anonymous_3)
DA:9,1
DA:10,4
DA:11,6
DA:24,1
DA:25,15
DA:26,60
DA:28,15
DA:29,15
DA:32,15
DA:37,15
DA:29,15
DA:32,15
DA:37,15
LF:10
LH:10
BRDA:11,0,0,2
BRDA:11,0,1,4
BRDA:11,0,0,2
BRDA:11,0,1,4
BRF:2
BRH:2
end_of_record
TN:
SF:app/utils/shuttleUtils.js
FN:16,(anonymous_0)
FN:60,(anonymous_1)
FN:65,(anonymous_2)
FN:72,(anonymous_3)
FN:77,(anonymous_4)
FN:107,(anonymous_5)
FN:127,(anonymous_6)
FN:132,(anonymous_7)
FNF:8
FNH:8
FNDA:6,(anonymous_0)
FNDA:3,(anonymous_1)
FNDA:3,(anonymous_2)
FNDA:6,(anonymous_3)
FNDA:2,(anonymous_4)
FNDA:4,(anonymous_5)
FNDA:3,(anonymous_6)
FNDA:1,(anonymous_7)
DA:16,1
DA:20,6
DA:21,6
DA:22,6
DA:25,6
DA:26,1
DA:30,5
DA:31,5
DA:32,1
DA:36,4
DA:40,4
DA:46,4
DA:49,4
DA:50,4
DA:55,4
DA:56,1
DA:59,3
DA:60,3
DA:62,3
DA:64,3
DA:65,3
DA:70,3
DA:72,3
DA:73,6
DA:74,6
DA:77,3
DA:78,3
DA:80,1
DA:83,2
DA:87,2
DA:91,2
DA:92,0
DA:96,2
DA:107,1
DA:108,4
DA:109,4
DA:110,4
DA:113,4
DA:114,1
DA:118,3
DA:119,3
DA:120,1
DA:124,2
DA:127,2
DA:128,3
DA:129,3
DA:132,2
DA:133,2
DA:134,1
DA:137,1
DA:140,1
DA:144,1
DA:150,1
DA:154,1
DA:155,0
DA:159,1
LF:56
LH:54
BRDA:25,0,0,1
BRDA:25,0,1,5
BRDA:25,1,0,6
BRDA:25,1,1,5
BRDA:31,2,0,1
BRDA:31,2,1,4
BRDA:46,3,0,4
BRDA:46,3,1,0
BRDA:55,4,0,1
BRDA:55,4,1,3
BRDA:62,5,0,0
BRDA:62,5,1,3
BRDA:70,6,0,3
BRDA:70,6,1,0
BRDA:72,7,0,3
BRDA:72,7,1,0
BRDA:78,8,0,1
BRDA:78,8,1,2
BRDA:87,9,0,2
BRDA:87,9,1,0
BRDA:91,10,0,0
BRDA:91,10,1,2
BRDA:91,11,0,2
BRDA:91,11,1,2
BRDA:113,12,0,1
BRDA:113,12,1,3
BRDA:113,13,0,4
BRDA:113,13,1,3
BRDA:119,14,0,1
BRDA:119,14,1,2
BRDA:124,15,0,2
BRDA:124,15,1,0
BRDA:127,16,0,2
BRDA:127,16,1,0
BRDA:133,17,0,1
BRDA:133,17,1,1
BRDA:150,18,0,1
BRDA:150,18,1,0
BRDA:154,19,0,0
BRDA:154,19,1,1
BRF:40
BRH:30
end_of_record
TN:
SF:assets/images/google_logo.png
FNF:0
FNH:0
DA:1,1
LF:1
LH:1
BRF:0
BRH:0
end_of_record
TN:
SF:assets/images/logo.png
FNF:0
FNH:0
DA:1,1
LF:1
LH:1
BRF:0
BRH:0
end_of_record
