<?xml version="1.0" encoding="UTF-8"?>
<coverage generated="1742691457742" clover="3.2.0">
  <project timestamp="1742691457742" name="All files">
    <metrics statements="19" coveredstatements="19" conditionals="7" coveredconditionals="7" methods="6" coveredmethods="6" elements="32" coveredelements="32" complexity="0" loc="19" ncloc="19" packages="1" files="2" classes="2"/>
    <file name="buildingData.ts" path="/Users/ikramkml/Desktop/Watermelons_SOEN390/Watermelons_SOEN390/myApp/app/api/buildingData.ts">
      <metrics statements="8" coveredstatements="8" conditionals="2" coveredconditionals="2" methods="4" coveredmethods="4"/>
      <line num="2" count="2" type="cond" truecount="2" falsecount="0"/>
      <line num="3" count="2" type="stmt"/>
      <line num="4" count="2" type="stmt"/>
      <line num="40" count="2" type="stmt"/>
      <line num="971" count="2" type="stmt"/>
      <line num="973" count="2" type="stmt"/>
      <line num="974" count="92" type="stmt"/>
      <line num="976" count="2" type="stmt"/>
    </file>
    <file name="buildingService.ts" path="/Users/ikramkml/Desktop/Watermelons_SOEN390/Watermelons_SOEN390/myApp/app/api/buildingService.ts">
      <metrics statements="11" coveredstatements="11" conditionals="5" coveredconditionals="5" methods="2" coveredmethods="2"/>
      <line num="1" count="1" type="stmt"/>
      <line num="3" count="1" type="stmt"/>
      <line num="4" count="1" type="stmt"/>
      <line num="8" count="1" type="stmt"/>
      <line num="10" count="6" type="cond" truecount="4" falsecount="0"/>
      <line num="11" count="3" type="stmt"/>
      <line num="14" count="3" type="stmt"/>
      <line num="15" count="3" type="cond" truecount="1" falsecount="0"/>
      <line num="16" count="1" type="stmt"/>
      <line num="19" count="2" type="stmt"/>
      <line num="23" count="1" type="stmt"/>
    </file>
  </project>
</coverage>
