{"/Users/ikramkml/Desktop/Watermelons_SOEN390/Watermelons_SOEN390/myApp/app/api/buildingData.ts": {"path":"/Users/ikramkml/Desktop/Watermelons_SOEN390/Watermelons_SOEN390/myApp/app/api/buildingData.ts","statementMap":{"0":{"start":{"line":2,"column":0},"end":{"line":2,"column":null}},"1":{"start":{"line":3,"column":2},"end":{"line":3,"column":null}},"2":{"start":{"line":4,"column":2},"end":{"line":4,"column":null}},"3":{"start":{"line":40,"column":13},"end":{"line":969,"column":2}},"4":{"start":{"line":971,"column":31},"end":{"line":971,"column":58}},"5":{"start":{"line":971,"column":49},"end":{"line":971,"column":58}},"6":{"start":{"line":971,"column":13},"end":{"line":971,"column":31}},"7":{"start":{"line":973,"column":31},"end":{"line":974,"column":50}},"8":{"start":{"line":974,"column":2},"end":{"line":974,"column":50}},"9":{"start":{"line":974,"column":31},"end":{"line":974,"column":49}},"10":{"start":{"line":973,"column":13},"end":{"line":973,"column":31}},"11":{"start":{"line":976,"column":0},"end":{"line":980,"column":2}}},"fnMap":{"0":{"name":"(anonymous_0)","decl":{"start":{"line":2,"column":0},"end":{"line":2,"column":12}},"loc":{"start":{"line":2,"column":18},"end":{"line":5,"column":1}}},"1":{"name":"(anonymous_1)","decl":{"start":{"line":971,"column":31},"end":{"line":971,"column":46}},"loc":{"start":{"line":971,"column":49},"end":{"line":971,"column":58}}},"2":{"name":"(anonymous_2)","decl":{"start":{"line":973,"column":31},"end":{"line":973,"column":32}},"loc":{"start":{"line":974,"column":2},"end":{"line":974,"column":50}}},"3":{"name":"(anonymous_3)","decl":{"start":{"line":974,"column":17},"end":{"line":974,"column":18}},"loc":{"start":{"line":974,"column":31},"end":{"line":974,"column":49}}}},"branchMap":{"0":{"loc":{"start":{"line":2,"column":12},"end":{"line":2,"column":null}},"type":"binary-expr","locations":[{"start":{"line":2,"column":12},"end":{"line":2,"column":18}},{"start":{"line":2,"column":18},"end":{"line":2,"column":null}}]}},"s":{"0":2,"1":2,"2":2,"3":2,"4":2,"5":1,"6":2,"7":2,"8":3,"9":92,"10":2,"11":2},"f":{"0":2,"1":1,"2":3,"3":92},"b":{"0":[2,2]}}
,"/Users/ikramkml/Desktop/Watermelons_SOEN390/Watermelons_SOEN390/myApp/app/api/buildingService.ts": {"path":"/Users/ikramkml/Desktop/Watermelons_SOEN390/Watermelons_SOEN390/myApp/app/api/buildingService.ts","statementMap":{"0":{"start":{"line":1,"column":0},"end":{"line":1,"column":76}},"1":{"start":{"line":3,"column":33},"end":{"line":5,"column":1}},"2":{"start":{"line":4,"column":2},"end":{"line":4,"column":27}},"3":{"start":{"line":3,"column":13},"end":{"line":3,"column":33}},"4":{"start":{"line":8,"column":33},"end":{"line":20,"column":1}},"5":{"start":{"line":10,"column":2},"end":{"line":12,"column":3}},"6":{"start":{"line":11,"column":4},"end":{"line":11,"column":73}},"7":{"start":{"line":14,"column":19},"end":{"line":14,"column":38}},"8":{"start":{"line":15,"column":2},"end":{"line":17,"column":3}},"9":{"start":{"line":16,"column":4},"end":{"line":16,"column":61}},"10":{"start":{"line":19,"column":2},"end":{"line":19,"column":18}},"11":{"start":{"line":8,"column":13},"end":{"line":8,"column":33}},"12":{"start":{"line":23,"column":0},"end":{"line":26,"column":2}}},"fnMap":{"0":{"name":"(anonymous_0)","decl":{"start":{"line":3,"column":33},"end":{"line":3,"column":38}},"loc":{"start":{"line":3,"column":65},"end":{"line":5,"column":1}}},"1":{"name":"(anonymous_1)","decl":{"start":{"line":8,"column":33},"end":{"line":8,"column":38}},"loc":{"start":{"line":8,"column":73},"end":{"line":20,"column":1}}}},"branchMap":{"0":{"loc":{"start":{"line":10,"column":2},"end":{"line":12,"column":3}},"type":"if","locations":[{"start":{"line":10,"column":2},"end":{"line":12,"column":3}}]},"1":{"loc":{"start":{"line":10,"column":6},"end":{"line":10,"column":55}},"type":"binary-expr","locations":[{"start":{"line":10,"column":6},"end":{"line":10,"column":9}},{"start":{"line":10,"column":13},"end":{"line":10,"column":35}},{"start":{"line":10,"column":39},"end":{"line":10,"column":55}}]},"2":{"loc":{"start":{"line":15,"column":2},"end":{"line":17,"column":3}},"type":"if","locations":[{"start":{"line":15,"column":2},"end":{"line":17,"column":3}}]}},"s":{"0":1,"1":1,"2":1,"3":1,"4":1,"5":6,"6":3,"7":3,"8":3,"9":1,"10":2,"11":1,"12":1},"f":{"0":1,"1":6},"b":{"0":[3],"1":[6,3,3],"2":[1]}}
}
