TN:
SF:myApp/app/api/buildingData.ts
FN:2,(anonymous_0)
FN:971,(anonymous_1)
FN:973,(anonymous_2)
FN:974,(anonymous_3)
FNF:4
FNH:4
FNDA:2,(anonymous_0)
FNDA:1,(anonymous_1)
FNDA:3,(anonymous_2)
FNDA:92,(anonymous_3)
DA:2,2
DA:3,2
DA:4,2
DA:40,2
DA:971,2
DA:973,2
DA:974,92
DA:976,2
LF:8
LH:8
BRDA:2,0,0,2
BRDA:2,0,1,2
BRF:2
BRH:2
end_of_record
TN:
SF:myApp/app/api/buildingService.ts
FN:3,(anonymous_0)
FN:8,(anonymous_1)
FNF:2
FNH:2
FNDA:1,(anonymous_0)
FNDA:6,(anonymous_1)
DA:1,1
DA:3,1
DA:4,1
DA:8,1
DA:10,6
DA:11,3
DA:14,3
DA:15,3
DA:16,1
DA:19,2
DA:23,1
LF:11
LH:11
BRDA:10,0,0,3
BRDA:10,1,0,6
BRDA:10,1,1,3
BRDA:10,1,2,3
BRDA:15,2,0,1
BRF:5
BRH:5
end_of_record
